#
# There is insufficient memory for the Java Runtime Environment to continue.
# Native memory allocation (mmap) failed to map 49283072 bytes for G1 virtual space
# Possible reasons:
#   The system is out of physical RAM or swap space
#   The process is running with CompressedOops enabled, and the Java Heap may be blocking the growth of the native heap
# Possible solutions:
#   Reduce memory load on the system
#   Increase physical memory or swap space
#   Check if swap backing store is full
#   Decrease Java heap size (-Xmx/-Xms)
#   Decrease number of Java threads
#   Decrease Java thread stack sizes (-Xss)
#   Set larger code cache with -XX:ReservedCodeCacheSize=
#   JVM is running with Unscaled Compressed Oops mode in which the Java heap is
#     placed in the first 4GB address space. The Java Heap base address is the
#     maximum limit for the native heap growth. Please use -XX:HeapBaseMinAddress
#     to set the Java Heap base and to place the Java Heap above 4GB virtual address.
# This output file may be truncated or incomplete.
#
#  Out of Memory Error (os_windows.cpp:3466), pid=17276, tid=10016
#
# JRE version: Java(TM) SE Runtime Environment (16.0.1+9) (build 16.0.1+9-24)
# Java VM: Java HotSpot(TM) 64-Bit Server VM (16.0.1+9-24, mixed mode, sharing, tiered, compressed oops, compressed class ptrs, g1 gc, windows-amd64)
# No core dump will be written. Minidumps are not enabled by default on client versions of Windows
#

---------------  S U M M A R Y ------------

Command Line: -Dfile.encoding=UTF-8 -XX:+ShowCodeDetailsInExceptionMessages javacamp.hrms.HrmsApplication

Host: Intel(R) Core(TM) i5-8250U CPU @ 1.60GHz, 8 cores, 7G,  Windows 10 , 64 bit Build 16299 (10.0.16299.15)
Time: Tue May 25 18:49:43 2021 Türkiye Standart Saati elapsed time: 2.772275 seconds (0d 0h 0m 2s)

---------------  T H R E A D  ---------------

Current thread (0x000001e220c3fbe0):  VMThread "VM Thread" [stack: 0x000000d608800000,0x000000d608900000] [id=10016]

Stack: [0x000000d608800000,0x000000d608900000]
Native frames: (J=compiled Java code, j=interpreted, Vv=VM code, C=native code)
V  [jvm.dll+0x6687ca]
V  [jvm.dll+0x7ca3c9]
V  [jvm.dll+0x7cbb53]
V  [jvm.dll+0x7cc1b3]
V  [jvm.dll+0x242ea5]
V  [jvm.dll+0x665589]
V  [jvm.dll+0x65a175]
V  [jvm.dll+0x2fc5ab]
V  [jvm.dll+0x3037a6]
V  [jvm.dll+0x352fee]
V  [jvm.dll+0x35321f]
V  [jvm.dll+0x2d3618]
V  [jvm.dll+0x2d11a5]
V  [jvm.dll+0x2d07dc]
V  [jvm.dll+0x3158c2]
V  [jvm.dll+0x7d05eb]
V  [jvm.dll+0x7d12e4]
V  [jvm.dll+0x7d17e9]
V  [jvm.dll+0x7d1aa4]
V  [jvm.dll+0x7d1b70]
V  [jvm.dll+0x779b4a]
V  [jvm.dll+0x667666]
C  [ucrtbase.dll+0x1d885]
C  [KERNEL32.DLL+0x11fe4]
C  [ntdll.dll+0x6ef91]

VM_Operation (0x000000d609cfc090): G1CollectForAllocation, mode: safepoint, requested by thread 0x000001e2222693c0


---------------  P R O C E S S  ---------------

Threads class SMR info:
_java_thread_list=0x000001e22272ed10, length=16, elements={
0x000001e27f718b20, 0x000001e220c43830, 0x000001e220c46710, 0x000001e220c5a6b0,
0x000001e220c5dfe0, 0x000001e220c5e9e0, 0x000001e220c67800, 0x000001e220c68530,
0x000001e220c6cf90, 0x000001e220c6d9d0, 0x000001e221903120, 0x000001e221907a00,
0x000001e2219be970, 0x000001e221d0c530, 0x000001e2222693c0, 0x000001e2223cb520
}

Java Threads: ( => current thread )
  0x000001e27f718b20 JavaThread "main" [_thread_blocked, id=22248, stack(0x000000d608200000,0x000000d608300000)]
  0x000001e220c43830 JavaThread "Reference Handler" daemon [_thread_blocked, id=26532, stack(0x000000d608900000,0x000000d608a00000)]
  0x000001e220c46710 JavaThread "Finalizer" daemon [_thread_blocked, id=15916, stack(0x000000d608a00000,0x000000d608b00000)]
  0x000001e220c5a6b0 JavaThread "Signal Dispatcher" daemon [_thread_blocked, id=10436, stack(0x000000d608b00000,0x000000d608c00000)]
  0x000001e220c5dfe0 JavaThread "Attach Listener" daemon [_thread_blocked, id=22904, stack(0x000000d608c00000,0x000000d608d00000)]
  0x000001e220c5e9e0 JavaThread "Service Thread" daemon [_thread_blocked, id=22516, stack(0x000000d608d00000,0x000000d608e00000)]
  0x000001e220c67800 JavaThread "Monitor Deflation Thread" daemon [_thread_blocked, id=7936, stack(0x000000d608e00000,0x000000d608f00000)]
  0x000001e220c68530 JavaThread "C2 CompilerThread0" daemon [_thread_in_native, id=18632, stack(0x000000d608f00000,0x000000d609000000)]
  0x000001e220c6cf90 JavaThread "C1 CompilerThread0" daemon [_thread_blocked, id=27496, stack(0x000000d609000000,0x000000d609100000)]
  0x000001e220c6d9d0 JavaThread "Sweeper thread" daemon [_thread_blocked, id=22400, stack(0x000000d609100000,0x000000d609200000)]
  0x000001e221903120 JavaThread "Notification Thread" daemon [_thread_blocked, id=25572, stack(0x000000d609200000,0x000000d609300000)]
  0x000001e221907a00 JavaThread "Common-Cleaner" daemon [_thread_blocked, id=18332, stack(0x000000d609400000,0x000000d609500000)]
  0x000001e2219be970 JavaThread "C2 CompilerThread1" daemon [_thread_blocked, id=17680, stack(0x000000d609500000,0x000000d609600000)]
  0x000001e221d0c530 JavaThread "Thread-0" [_thread_blocked, id=27620, stack(0x000000d609b00000,0x000000d609c00000)]
  0x000001e2222693c0 JavaThread "restartedMain" [_thread_blocked, id=5764, stack(0x000000d609c00000,0x000000d609d00000)]
  0x000001e2223cb520 JavaThread "C2 CompilerThread2" daemon [_thread_in_native, id=5156, stack(0x000000d609d00000,0x000000d609e00000)]

Other Threads:
=>0x000001e220c3fbe0 VMThread "VM Thread" [stack: 0x000000d608800000,0x000000d608900000] [id=10016]
  0x000001e2219062c0 WatcherThread [stack: 0x000000d609300000,0x000000d609400000] [id=10736]
  0x000001e27f7576e0 GCTaskThread "GC Thread#0" [stack: 0x000000d608300000,0x000000d608400000] [id=26796]
  0x000001e2220f7f20 GCTaskThread "GC Thread#1" [stack: 0x000000d609600000,0x000000d609700000] [id=21484]
  0x000001e2220f8230 GCTaskThread "GC Thread#2" [stack: 0x000000d609700000,0x000000d609800000] [id=12092]
  0x000001e22227db20 GCTaskThread "GC Thread#3" [stack: 0x000000d609800000,0x000000d609900000] [id=22384]
  0x000001e2224345a0 GCTaskThread "GC Thread#4" [stack: 0x000000d609900000,0x000000d609a00000] [id=20720]
  0x000001e22208f9c0 GCTaskThread "GC Thread#5" [stack: 0x000000d609a00000,0x000000d609b00000] [id=23540]
  0x000001e22312eca0 GCTaskThread "GC Thread#6" [stack: 0x000000d60a000000,0x000000d60a100000] [id=16636]
  0x000001e22312e060 GCTaskThread "GC Thread#7" [stack: 0x000000d60a100000,0x000000d60a200000] [id=24176]
  0x000001e27f7a7010 ConcurrentGCThread "G1 Main Marker" [stack: 0x000000d608400000,0x000000d608500000] [id=22896]
  0x000001e27f7a8a90 ConcurrentGCThread "G1 Conc#0" [stack: 0x000000d608500000,0x000000d608600000] [id=10576]
  0x000001e22312e680 ConcurrentGCThread "G1 Conc#1" [stack: 0x000000d60a200000,0x000000d60a300000] [id=14900]
  0x000001e27f7dda30 ConcurrentGCThread "G1 Refine#0" [stack: 0x000000d608600000,0x000000d608700000] [id=9380]
  0x000001e27f7de4b0 ConcurrentGCThread "G1 Service" [stack: 0x000000d608700000,0x000000d608800000] [id=22608]

Threads with active compile tasks:
C2 CompilerThread0     2778 3536       4       org.springframework.beans.factory.support.AbstractBeanFactory::isFactoryBean (65 bytes)
C1 CompilerThread0     2778 3968       3       java.util.jar.Manifest::read (415 bytes)
C2 CompilerThread1     2778 3956 %     4       java.util.Properties$LineReader::readLine @ 53 (584 bytes)
C2 CompilerThread2     2778 3535       4       org.springframework.beans.factory.support.AbstractBeanFactory::isTypeMatch (607 bytes)

VM state: at safepoint (normal execution)

VM Mutex/Monitor currently owned by a thread:  ([mutex/lock_event])
[0x000001e27f7148e0] Threads_lock - owner thread: 0x000001e220c3fbe0
[0x000001e27f715030] Heap_lock - owner thread: 0x000001e2222693c0

Heap address: 0x0000000081600000, size: 2026 MB, Compressed Oops mode: 32-bit

CDS archive(s) mapped at: [0x0000000800000000-0x0000000800bb0000-0x0000000800bb0000), size 12255232, SharedBaseAddress: 0x0000000800000000, ArchiveRelocationMode: 0.
Compressed class space mapped at: 0x0000000800c00000-0x0000000840c00000, reserved size: 1073741824
Narrow klass base: 0x0000000800000000, Narrow klass shift: 3, Narrow klass range: 0x100000000

GC Precious Log:
 CPUs: 8 total, 8 available
 Memory: 8101M
 Large Page Support: Disabled
 NUMA Support: Disabled
 Compressed Oops: Enabled (32-bit)
 Heap Region Size: 1M
 Heap Min Capacity: 8M
 Heap Initial Capacity: 128M
 Heap Max Capacity: 2026M
 Pre-touch: Disabled
 Parallel Workers: 8
 Concurrent Workers: 2
 Concurrent Refinement Workers: 8
 Periodic GC: Disabled

Heap:
 garbage-first heap   total 61440K, used 17127K [0x0000000081600000, 0x0000000100000000)
  region size 1024K, 2 young (2048K), 2 survivors (2048K)
 Metaspace       used 27683K, committed 28032K, reserved 1073152K
  class space    used 3393K, committed 3584K, reserved 1048576K

Heap Regions: E=young(eden), S=young(survivor), O=old, HS=humongous(starts), HC=humongous(continues), CS=collection set, F=free, OA=open archive, CA=closed archive, TAMS=top-at-mark-start (previous, next)
|   0|0x0000000081600000, 0x0000000081700000, 0x0000000081700000|100%|HS|  |TAMS 0x0000000081700000, 0x0000000081600000| Complete 
|   1|0x0000000081700000, 0x0000000081800000, 0x0000000081800000|100%| O|  |TAMS 0x0000000081800000, 0x0000000081700000| Untracked 
|   2|0x0000000081800000, 0x0000000081900000, 0x0000000081900000|100%| O|  |TAMS 0x0000000081900000, 0x0000000081800000| Untracked 
|   3|0x0000000081900000, 0x0000000081a00000, 0x0000000081a00000|100%| O|  |TAMS 0x0000000081a00000, 0x0000000081900000| Untracked 
|   4|0x0000000081a00000, 0x0000000081b00000, 0x0000000081b00000|100%| O|  |TAMS 0x0000000081b00000, 0x0000000081a00000| Untracked 
|   5|0x0000000081b00000, 0x0000000081c00000, 0x0000000081c00000|100%| O|  |TAMS 0x0000000081c00000, 0x0000000081b00000| Untracked 
|   6|0x0000000081c00000, 0x0000000081c86200, 0x0000000081d00000| 52%| O|  |TAMS 0x0000000081c86200, 0x0000000081c00000| Untracked 
|   7|0x0000000081d00000, 0x0000000081e00000, 0x0000000081e00000|100%| O|  |TAMS 0x0000000081d00000, 0x0000000081d00000| Untracked 
|   8|0x0000000081e00000, 0x0000000081f00000, 0x0000000081f00000|100%| O|  |TAMS 0x0000000081e00000, 0x0000000081e00000| Untracked 
|   9|0x0000000081f00000, 0x0000000082000000, 0x0000000082000000|100%| O|  |TAMS 0x0000000081f00000, 0x0000000081f00000| Untracked 
|  10|0x0000000082000000, 0x0000000082100000, 0x0000000082100000|100%| O|  |TAMS 0x0000000082000000, 0x0000000082000000| Untracked 
|  11|0x0000000082100000, 0x0000000082200000, 0x0000000082200000|100%| O|  |TAMS 0x0000000082100000, 0x0000000082100000| Untracked 
|  12|0x0000000082200000, 0x0000000082300000, 0x0000000082300000|100%| O|  |TAMS 0x0000000082200000, 0x0000000082200000| Untracked 
|  13|0x0000000082300000, 0x0000000082400000, 0x0000000082400000|100%| O|  |TAMS 0x0000000082300000, 0x0000000082300000| Untracked 
|  14|0x0000000082400000, 0x0000000082500000, 0x0000000082500000|100%| O|  |TAMS 0x0000000082400000, 0x0000000082400000| Untracked 
|  15|0x0000000082500000, 0x0000000082580c00, 0x0000000082600000| 50%| O|  |TAMS 0x0000000082500000, 0x0000000082500000| Untracked 
|  16|0x0000000082600000, 0x0000000082600000, 0x0000000082700000|  0%| F|  |TAMS 0x0000000082600000, 0x0000000082600000| Untracked 
|  17|0x0000000082700000, 0x0000000082700000, 0x0000000082800000|  0%| F|  |TAMS 0x0000000082700000, 0x0000000082700000| Untracked 
|  18|0x0000000082800000, 0x0000000082800000, 0x0000000082900000|  0%| F|  |TAMS 0x0000000082800000, 0x0000000082800000| Untracked 
|  19|0x0000000082900000, 0x0000000082900000, 0x0000000082a00000|  0%| F|  |TAMS 0x0000000082900000, 0x0000000082900000| Untracked 
|  20|0x0000000082a00000, 0x0000000082a00000, 0x0000000082b00000|  0%| F|  |TAMS 0x0000000082a00000, 0x0000000082a00000| Untracked 
|  21|0x0000000082b00000, 0x0000000082b00000, 0x0000000082c00000|  0%| F|  |TAMS 0x0000000082b00000, 0x0000000082b00000| Untracked 
|  22|0x0000000082c00000, 0x0000000082c00000, 0x0000000082d00000|  0%| F|  |TAMS 0x0000000082c00000, 0x0000000082c00000| Untracked 
|  23|0x0000000082d00000, 0x0000000082d00000, 0x0000000082e00000|  0%| F|  |TAMS 0x0000000082d00000, 0x0000000082d00000| Untracked 
|  24|0x0000000082e00000, 0x0000000082e00000, 0x0000000082f00000|  0%| F|  |TAMS 0x0000000082e00000, 0x0000000082e00000| Untracked 
|  25|0x0000000082f00000, 0x0000000082fb2e10, 0x0000000083000000| 69%| S|CS|TAMS 0x0000000082f00000, 0x0000000082f00000| Complete 
|  26|0x0000000083000000, 0x0000000083000000, 0x0000000083100000|  0%| F|  |TAMS 0x0000000083000000, 0x0000000083000000| Untracked 
|  27|0x0000000083100000, 0x0000000083200000, 0x0000000083200000|100%| S|CS|TAMS 0x0000000083100000, 0x0000000083100000| Complete 
|  28|0x0000000083200000, 0x0000000083200000, 0x0000000083300000|  0%| F|  |TAMS 0x0000000083200000, 0x0000000083200000| Untracked 
|  29|0x0000000083300000, 0x0000000083300000, 0x0000000083400000|  0%| F|  |TAMS 0x0000000083300000, 0x0000000083300000| Untracked 
|  30|0x0000000083400000, 0x0000000083400000, 0x0000000083500000|  0%| F|  |TAMS 0x0000000083400000, 0x0000000083400000| Untracked 
|  31|0x0000000083500000, 0x0000000083500000, 0x0000000083600000|  0%| F|  |TAMS 0x0000000083500000, 0x0000000083500000| Untracked 
|  32|0x0000000083600000, 0x0000000083600000, 0x0000000083700000|  0%| F|  |TAMS 0x0000000083600000, 0x0000000083600000| Untracked 
|  33|0x0000000083700000, 0x0000000083700000, 0x0000000083800000|  0%| F|  |TAMS 0x0000000083700000, 0x0000000083700000| Untracked 
|  34|0x0000000083800000, 0x0000000083800000, 0x0000000083900000|  0%| F|  |TAMS 0x0000000083800000, 0x0000000083800000| Untracked 
|  35|0x0000000083900000, 0x0000000083900000, 0x0000000083a00000|  0%| F|  |TAMS 0x0000000083900000, 0x0000000083900000| Untracked 
|  36|0x0000000083a00000, 0x0000000083a00000, 0x0000000083b00000|  0%| F|  |TAMS 0x0000000083a00000, 0x0000000083a00000| Untracked 
|  37|0x0000000083b00000, 0x0000000083b00000, 0x0000000083c00000|  0%| F|  |TAMS 0x0000000083b00000, 0x0000000083b00000| Untracked 
|  38|0x0000000083c00000, 0x0000000083c00000, 0x0000000083d00000|  0%| F|  |TAMS 0x0000000083c00000, 0x0000000083c00000| Untracked 
|  39|0x0000000083d00000, 0x0000000083d00000, 0x0000000083e00000|  0%| F|  |TAMS 0x0000000083d00000, 0x0000000083d00000| Untracked 
|  40|0x0000000083e00000, 0x0000000083e00000, 0x0000000083f00000|  0%| F|  |TAMS 0x0000000083e00000, 0x0000000083e00000| Untracked 
|  41|0x0000000083f00000, 0x0000000083f00000, 0x0000000084000000|  0%| F|  |TAMS 0x0000000083f00000, 0x0000000083f00000| Untracked 
|  42|0x0000000084000000, 0x0000000084000000, 0x0000000084100000|  0%| F|  |TAMS 0x0000000084000000, 0x0000000084000000| Untracked 
|  43|0x0000000084100000, 0x0000000084100000, 0x0000000084200000|  0%| F|  |TAMS 0x0000000084100000, 0x0000000084100000| Untracked 
|  44|0x0000000084200000, 0x0000000084200000, 0x0000000084300000|  0%| F|  |TAMS 0x0000000084200000, 0x0000000084200000| Untracked 
|  45|0x0000000084300000, 0x0000000084300000, 0x0000000084400000|  0%| F|  |TAMS 0x0000000084300000, 0x0000000084300000| Untracked 
|  46|0x0000000084400000, 0x0000000084400000, 0x0000000084500000|  0%| F|  |TAMS 0x0000000084400000, 0x0000000084400000| Untracked 
|  47|0x0000000084500000, 0x0000000084500000, 0x0000000084600000|  0%| F|  |TAMS 0x0000000084500000, 0x0000000084500000| Untracked 
|  48|0x0000000084600000, 0x0000000084600000, 0x0000000084700000|  0%| F|  |TAMS 0x0000000084600000, 0x0000000084600000| Untracked 
|  49|0x0000000084700000, 0x0000000084700000, 0x0000000084800000|  0%| F|  |TAMS 0x0000000084700000, 0x0000000084700000| Untracked 
|  50|0x0000000084800000, 0x0000000084800000, 0x0000000084900000|  0%| F|  |TAMS 0x0000000084800000, 0x0000000084800000| Untracked 
|  51|0x0000000084900000, 0x0000000084900000, 0x0000000084a00000|  0%| F|  |TAMS 0x0000000084900000, 0x0000000084900000| Untracked 
|  52|0x0000000084a00000, 0x0000000084a00000, 0x0000000084b00000|  0%| F|  |TAMS 0x0000000084a00000, 0x0000000084a00000| Untracked 
|  53|0x0000000084b00000, 0x0000000084b00000, 0x0000000084c00000|  0%| F|  |TAMS 0x0000000084b00000, 0x0000000084b00000| Untracked 
|  54|0x0000000084c00000, 0x0000000084c00000, 0x0000000084d00000|  0%| F|  |TAMS 0x0000000084c00000, 0x0000000084c00000| Untracked 
|  55|0x0000000084d00000, 0x0000000084d00000, 0x0000000084e00000|  0%| F|  |TAMS 0x0000000084d00000, 0x0000000084d00000| Untracked 
|  56|0x0000000084e00000, 0x0000000084e00000, 0x0000000084f00000|  0%| F|  |TAMS 0x0000000084e00000, 0x0000000084e00000| Untracked 
|  57|0x0000000084f00000, 0x0000000084f00000, 0x0000000085000000|  0%| F|  |TAMS 0x0000000084f00000, 0x0000000084f00000| Untracked 
|  58|0x0000000085000000, 0x0000000085000000, 0x0000000085100000|  0%| F|  |TAMS 0x0000000085000000, 0x0000000085000000| Untracked 
| 127|0x0000000089500000, 0x0000000089500000, 0x0000000089600000|  0%| F|  |TAMS 0x0000000089500000, 0x0000000089500000| Untracked 

Card table byte_map: [0x000001e219ab0000,0x000001e219eb0000] _byte_map_base: 0x000001e2196a5000

Marking Bits (Prev, Next): (CMBitMap*) 0x000001e27f757d90, (CMBitMap*) 0x000001e27f757d50
 Prev Bits: [0x000001e21c260000, 0x000001e21e208000)
 Next Bits: [0x000001e21a2b0000, 0x000001e21c258000)

Polling page: 0x000001e27ead0000

Metaspace:

Usage:
  Non-class:     23.72 MB used.
      Class:      3.31 MB used.
       Both:     27.03 MB used.

Virtual space:
  Non-class space:       24.00 MB reserved,      23.88 MB (>99%) committed,  3 nodes.
      Class space:        1.00 GB reserved,       3.50 MB ( <1%) committed,  1 nodes.
              Both:        1.02 GB reserved,      27.38 MB (  3%) committed. 

Chunk freelists:
   Non-Class:  96.00 KB
       Class:  416.00 KB
        Both:  512.00 KB

MaxMetaspaceSize: 17179869184.00 GB
CompressedClassSpaceSize: 1.00 GB
 - commit_granule_bytes: 65536.
 - commit_granule_words: 8192.
 - virtual_space_node_default_size: 1048576.
 - enlarge_chunks_in_place: 1.
 - new_chunks_are_fully_committed: 0.
 - uncommit_free_chunks: 1.
 - use_allocation_guard: 0.
 - handle_deallocations: 1.


Internal statistics:

num_allocs_failed_limit: 3.
num_arena_births: 330.
num_arena_deaths: 0.
num_vsnodes_births: 4.
num_vsnodes_deaths: 0.
num_space_committed: 438.
num_space_uncommitted: 0.
num_chunks_returned_to_freelist: 3.
num_chunks_taken_from_freelist: 1283.
num_chunk_merges: 3.
num_chunk_splits: 849.
num_chunks_enlarged: 616.
num_purges: 0.

CodeHeap 'non-profiled nmethods': size=120000Kb used=2017Kb max_used=2017Kb free=117982Kb
 bounds [0x000001e212580000, 0x000001e2127f0000, 0x000001e219ab0000]
CodeHeap 'profiled nmethods': size=120000Kb used=8835Kb max_used=8835Kb free=111164Kb
 bounds [0x000001e20b050000, 0x000001e20b900000, 0x000001e212580000]
CodeHeap 'non-nmethods': size=5760Kb used=1216Kb max_used=1291Kb free=4543Kb
 bounds [0x000001e20aab0000, 0x000001e20ad20000, 0x000001e20b050000]
 total_blobs=4453 nmethods=3940 adapters=425
 compilation: enabled
              stopped_count=0, restarted_count=0
 full_count=0

Compilation events (20 events):
Event: 2.736 Thread 0x000001e2219be970 3945   !   4       java.lang.StringCoding::decode (362 bytes)
Event: 2.750 Thread 0x000001e2219be970 nmethod 3945 0x000001e212776090 code [0x000001e2127763e0, 0x000001e2127776e0]
Event: 2.750 Thread 0x000001e2219be970 3956 %     4       java.util.Properties$LineReader::readLine @ 53 (584 bytes)
Event: 2.753 Thread 0x000001e220c6cf90 3957   !   2       java.net.URL::<init> (543 bytes)
Event: 2.756 Thread 0x000001e220c6cf90 nmethod 3957 0x000001e20b8e4e90 code [0x000001e20b8e52a0, 0x000001e20b8e6a08]
Event: 2.756 Thread 0x000001e220c6cf90 3958       3       java.net.URLStreamHandler::setURL (159 bytes)
Event: 2.758 Thread 0x000001e220c6cf90 nmethod 3958 0x000001e20b8e8290 code [0x000001e20b8e8620, 0x000001e20b8e9ba8]
Event: 2.758 Thread 0x000001e220c6cf90 3960       3       java.util.Calendar::internalSet (8 bytes)
Event: 2.758 Thread 0x000001e220c6cf90 nmethod 3960 0x000001e20b8ea410 code [0x000001e20b8ea5a0, 0x000001e20b8ea6d8]
Event: 2.758 Thread 0x000001e220c6cf90 3959       3       java.lang.invoke.MethodHandles::makeIdentity (23 bytes)
Event: 2.759 Thread 0x000001e220c6cf90 nmethod 3959 0x000001e20b8ea790 code [0x000001e20b8eaa00, 0x000001e20b8eb418]
Event: 2.762 Thread 0x000001e220c6cf90 3963       1       java.util.ResourceBundle$CacheKey::getLocale (5 bytes)
Event: 2.762 Thread 0x000001e220c6cf90 nmethod 3963 0x000001e212778390 code [0x000001e212778520, 0x000001e2127785f8]
Event: 2.763 Thread 0x000001e220c6cf90 3964       3       java.util.BitSet::expandTo (23 bytes)
Event: 2.763 Thread 0x000001e220c6cf90 nmethod 3964 0x000001e20b8eb810 code [0x000001e20b8eb9c0, 0x000001e20b8ebb68]
Event: 2.763 Thread 0x000001e220c6cf90 3965       3       java.util.BitSet::set (58 bytes)
Event: 2.763 Thread 0x000001e220c6cf90 nmethod 3965 0x000001e20b8ebc10 code [0x000001e20b8ebe80, 0x000001e20b8ec6f8]
Event: 2.766 Thread 0x000001e220c6cf90 3966   !   3       java.util.zip.Inflater::finished (19 bytes)
Event: 2.766 Thread 0x000001e220c6cf90 nmethod 3966 0x000001e20b8eca90 code [0x000001e20b8ecc40, 0x000001e20b8ece38]
Event: 2.766 Thread 0x000001e220c6cf90 3968       3       java.util.jar.Manifest::read (415 bytes)

GC Heap History (15 events):
Event: 0.382 GC heap before
{Heap before GC invocations=0 (full 0):
 garbage-first heap   total 131072K, used 23552K [0x0000000081600000, 0x0000000100000000)
  region size 1024K, 23 young (23552K), 0 survivors (0K)
 Metaspace       used 5028K, committed 5248K, reserved 1056768K
  class space    used 520K, committed 640K, reserved 1048576K
}
Event: 0.386 GC heap after
{Heap after GC invocations=1 (full 0):
 garbage-first heap   total 131072K, used 6828K [0x0000000081600000, 0x0000000100000000)
  region size 1024K, 3 young (3072K), 3 survivors (3072K)
 Metaspace       used 5028K, committed 5248K, reserved 1056768K
  class space    used 520K, committed 640K, reserved 1048576K
}
Event: 0.393 GC heap before
{Heap before GC invocations=1 (full 0):
 garbage-first heap   total 131072K, used 35500K [0x0000000081600000, 0x0000000100000000)
  region size 1024K, 32 young (32768K), 3 survivors (3072K)
 Metaspace       used 5029K, committed 5248K, reserved 1056768K
  class space    used 520K, committed 640K, reserved 1048576K
}
Event: 0.394 GC heap after
{Heap after GC invocations=2 (full 0):
 garbage-first heap   total 131072K, used 6834K [0x0000000081600000, 0x0000000100000000)
  region size 1024K, 1 young (1024K), 1 survivors (1024K)
 Metaspace       used 5029K, committed 5248K, reserved 1056768K
  class space    used 520K, committed 640K, reserved 1048576K
}
Event: 1.349 GC heap before
{Heap before GC invocations=2 (full 0):
 garbage-first heap   total 131072K, used 83634K [0x0000000081600000, 0x0000000100000000)
  region size 1024K, 76 young (77824K), 1 survivors (1024K)
 Metaspace       used 17287K, committed 17600K, reserved 1064960K
  class space    used 2052K, committed 2176K, reserved 1048576K
}
Event: 1.354 GC heap after
{Heap after GC invocations=3 (full 0):
 garbage-first heap   total 131072K, used 11622K [0x0000000081600000, 0x0000000100000000)
  region size 1024K, 5 young (5120K), 5 survivors (5120K)
 Metaspace       used 17287K, committed 17600K, reserved 1064960K
  class space    used 2052K, committed 2176K, reserved 1048576K
}
Event: 1.930 GC heap before
{Heap before GC invocations=3 (full 0):
 garbage-first heap   total 131072K, used 80230K [0x0000000081600000, 0x0000000100000000)
  region size 1024K, 74 young (75776K), 5 survivors (5120K)
 Metaspace       used 20977K, committed 21248K, reserved 1073152K
  class space    used 2509K, committed 2624K, reserved 1048576K
}
Event: 1.935 GC heap after
{Heap after GC invocations=4 (full 0):
 garbage-first heap   total 131072K, used 13413K [0x0000000081600000, 0x0000000100000000)
  region size 1024K, 7 young (7168K), 7 survivors (7168K)
 Metaspace       used 20977K, committed 21248K, reserved 1073152K
  class space    used 2509K, committed 2624K, reserved 1048576K
}
Event: 2.463 GC heap before
{Heap before GC invocations=5 (full 0):
 garbage-first heap   total 51200K, used 36965K [0x0000000081600000, 0x0000000100000000)
  region size 1024K, 30 young (30720K), 7 survivors (7168K)
 Metaspace       used 24883K, committed 25152K, reserved 1073152K
  class space    used 3084K, committed 3200K, reserved 1048576K
}
Event: 2.471 GC heap after
{Heap after GC invocations=6 (full 0):
 garbage-first heap   total 51200K, used 15222K [0x0000000081600000, 0x0000000100000000)
  region size 1024K, 4 young (4096K), 4 survivors (4096K)
 Metaspace       used 24883K, committed 25152K, reserved 1073152K
  class space    used 3084K, committed 3200K, reserved 1048576K
}
Event: 2.700 GC heap before
{Heap before GC invocations=6 (full 0):
 garbage-first heap   total 51200K, used 35702K [0x0000000081600000, 0x0000000100000000)
  region size 1024K, 25 young (25600K), 4 survivors (4096K)
 Metaspace       used 27015K, committed 27264K, reserved 1073152K
  class space    used 3334K, committed 3456K, reserved 1048576K
}
Event: 2.704 GC heap after
{Heap after GC invocations=7 (full 0):
 garbage-first heap   total 51200K, used 16994K [0x0000000081600000, 0x0000000100000000)
  region size 1024K, 2 young (2048K), 2 survivors (2048K)
 Metaspace       used 27015K, committed 27264K, reserved 1073152K
  class space    used 3334K, committed 3456K, reserved 1048576K
}
Event: 2.706 GC heap before
{Heap before GC invocations=7 (full 0):
 garbage-first heap   total 51200K, used 36450K [0x0000000081600000, 0x0000000100000000)
  region size 1024K, 22 young (22528K), 2 survivors (2048K)
 Metaspace       used 27015K, committed 27264K, reserved 1073152K
  class space    used 3334K, committed 3456K, reserved 1048576K
}
Event: 2.708 GC heap after
{Heap after GC invocations=8 (full 0):
 garbage-first heap   total 51200K, used 16667K [0x0000000081600000, 0x0000000100000000)
  region size 1024K, 2 young (2048K), 2 survivors (2048K)
 Metaspace       used 27015K, committed 27264K, reserved 1073152K
  class space    used 3334K, committed 3456K, reserved 1048576K
}
Event: 2.769 GC heap before
{Heap before GC invocations=8 (full 0):
 garbage-first heap   total 51200K, used 37147K [0x0000000081600000, 0x0000000100000000)
  region size 1024K, 23 young (23552K), 2 survivors (2048K)
 Metaspace       used 27683K, committed 28032K, reserved 1073152K
  class space    used 3393K, committed 3584K, reserved 1048576K
}

Deoptimization events (20 events):
Event: 2.728 Thread 0x000001e2222693c0 DEOPT PACKING pc=0x000001e20b8ca66e sp=0x000000d609cfd090
Event: 2.728 Thread 0x000001e2222693c0 DEOPT UNPACKING pc=0x000001e20aafdece sp=0x000000d609cfc558 mode 0
Event: 2.744 Thread 0x000001e2222693c0 DEOPT PACKING pc=0x000001e20b823538 sp=0x000000d609cf93a0
Event: 2.744 Thread 0x000001e2222693c0 DEOPT UNPACKING pc=0x000001e20aafdece sp=0x000000d609cf88b8 mode 0
Event: 2.764 Thread 0x000001e2222693c0 Uncommon trap: trap_request=0xffffffde fr.pc=0x000001e2126e2e64 relative=0x0000000000001c04
Event: 2.764 Thread 0x000001e2222693c0 Uncommon trap: reason=class_check action=maybe_recompile pc=0x000001e2126e2e64 method=java.util.zip.InflaterInputStream.read([BII)I @ 100 c2
Event: 2.764 Thread 0x000001e2222693c0 DEOPT PACKING pc=0x000001e2126e2e64 sp=0x000000d609cfc660
Event: 2.764 Thread 0x000001e2222693c0 DEOPT UNPACKING pc=0x000001e20aafd72e sp=0x000000d609cfc6b0 mode 2
Event: 2.765 Thread 0x000001e2222693c0 Uncommon trap: trap_request=0xffffffde fr.pc=0x000001e2126e2e64 relative=0x0000000000001c04
Event: 2.765 Thread 0x000001e2222693c0 Uncommon trap: reason=class_check action=maybe_recompile pc=0x000001e2126e2e64 method=java.util.zip.InflaterInputStream.read([BII)I @ 100 c2
Event: 2.765 Thread 0x000001e2222693c0 DEOPT PACKING pc=0x000001e2126e2e64 sp=0x000000d609cfc660
Event: 2.765 Thread 0x000001e2222693c0 DEOPT UNPACKING pc=0x000001e20aafd72e sp=0x000000d609cfc6b0 mode 2
Event: 2.765 Thread 0x000001e2222693c0 Uncommon trap: trap_request=0xffffffde fr.pc=0x000001e2126e2e64 relative=0x0000000000001c04
Event: 2.765 Thread 0x000001e2222693c0 Uncommon trap: reason=class_check action=maybe_recompile pc=0x000001e2126e2e64 method=java.util.zip.InflaterInputStream.read([BII)I @ 100 c2
Event: 2.765 Thread 0x000001e2222693c0 DEOPT PACKING pc=0x000001e2126e2e64 sp=0x000000d609cfc660
Event: 2.765 Thread 0x000001e2222693c0 DEOPT UNPACKING pc=0x000001e20aafd72e sp=0x000000d609cfc6b0 mode 2
Event: 2.766 Thread 0x000001e2222693c0 Uncommon trap: trap_request=0xffffffde fr.pc=0x000001e2126e2e64 relative=0x0000000000001c04
Event: 2.766 Thread 0x000001e2222693c0 Uncommon trap: reason=class_check action=maybe_recompile pc=0x000001e2126e2e64 method=java.util.zip.InflaterInputStream.read([BII)I @ 100 c2
Event: 2.766 Thread 0x000001e2222693c0 DEOPT PACKING pc=0x000001e2126e2e64 sp=0x000000d609cfc660
Event: 2.766 Thread 0x000001e2222693c0 DEOPT UNPACKING pc=0x000001e20aafd72e sp=0x000000d609cfc6b0 mode 2

Classes unloaded (0 events):
No events

Classes redefined (0 events):
No events

Internal exceptions (20 events):
Event: 2.248 Thread 0x000001e2222693c0 Exception <a 'java/lang/ClassNotFoundException'{0x00000000834a8150}: org/springframework/core/OrderedCustomizer> (0x00000000834a8150) 
thrown [t:\workspace\open\src\hotspot\share\classfile\systemDictionary.cpp, line 256]
Event: 2.248 Thread 0x000001e2222693c0 Exception <a 'java/lang/ClassNotFoundException'{0x00000000834ac758}: org/springframework/beans/factory/BeanClassLoaderAwareCustomizer> (0x00000000834ac758) 
thrown [t:\workspace\open\src\hotspot\share\classfile\systemDictionary.cpp, line 256]
Event: 2.248 Thread 0x000001e2222693c0 Exception <a 'java/lang/ClassNotFoundException'{0x00000000834b0de8}: org/springframework/beans/factory/AwareCustomizer> (0x00000000834b0de8) 
thrown [t:\workspace\open\src\hotspot\share\classfile\systemDictionary.cpp, line 256]
Event: 2.249 Thread 0x000001e2222693c0 Exception <a 'java/lang/ClassNotFoundException'{0x00000000834b48e8}: org/springframework/aop/framework/AopInfrastructureBeanCustomizer> (0x00000000834b48e8) 
thrown [t:\workspace\open\src\hotspot\share\classfile\systemDictionary.cpp, line 256]
Event: 2.313 Thread 0x000001e2222693c0 Exception <a 'java/lang/ClassNotFoundException'{0x00000000831c6c88}: java/lang/ObjectCustomizer> (0x00000000831c6c88) 
thrown [t:\workspace\open\src\hotspot\share\classfile\systemDictionary.cpp, line 256]
Event: 2.314 Thread 0x000001e2222693c0 Exception <a 'java/lang/ClassNotFoundException'{0x00000000831ced58}: org/springframework/transaction/annotation/AbstractTransactionManagementConfigurationCustomizer> (0x00000000831ced58) 
thrown [t:\workspace\open\src\hotspot\share\classfile\systemDictionary.cpp, line 256]
Event: 2.314 Thread 0x000001e2222693c0 Exception <a 'java/lang/ClassNotFoundException'{0x00000000831d5ea8}: org/springframework/transaction/annotation/ProxyTransactionManagementConfigurationCustomizer> (0x00000000831d5ea8) 
thrown [t:\workspace\open\src\hotspot\share\classfile\systemDictionary.cpp, line 256]
Event: 2.315 Thread 0x000001e2222693c0 Exception <a 'java/lang/ClassNotFoundException'{0x00000000831de0f8}: org/springframework/context/annotation/ImportAwareCustomizer> (0x00000000831de0f8) 
thrown [t:\workspace\open\src\hotspot\share\classfile\systemDictionary.cpp, line 256]
Event: 2.315 Thread 0x000001e2222693c0 Exception <a 'java/lang/ClassNotFoundException'{0x00000000831e33a0}: org/springframework/beans/factory/AwareCustomizer> (0x00000000831e33a0) 
thrown [t:\workspace\open\src\hotspot\share\classfile\systemDictionary.cpp, line 256]
Event: 2.358 Thread 0x000001e2222693c0 Exception <a 'java/lang/NoSuchMethodError'{0x0000000082fd6c70}: 'java.lang.Object java.lang.invoke.DirectMethodHandle$Holder.invokeSpecialIFC(java.lang.Object, java.lang.Object, java.lang.Object)'> (0x0000000082fd6c70) 
thrown [t:\workspace\open\src\hotspot\share\interpreter\linkResolver.cpp, line 790]
Event: 2.390 Thread 0x000001e2222693c0 Exception <a 'java/lang/NoSuchMethodError'{0x0000000082d09400}: 'int java.lang.invoke.DirectMethodHandle$Holder.invokeSpecial(java.lang.Object, java.lang.Object, java.lang.Object, java.lang.Object, java.lang.Object)'> (0x0000000082d09400) 
thrown [t:\workspace\open\src\hotspot\share\interpreter\linkResolver.cpp, line 790]
Event: 2.418 Thread 0x000001e2222693c0 Implicit null exception at 0x000001e212727b63 to 0x000001e212728148
Event: 2.435 Thread 0x000001e2222693c0 Implicit null exception at 0x000001e21270ade0 to 0x000001e21270b034
Event: 2.451 Thread 0x000001e2222693c0 Exception <a 'java/lang/NoSuchMethodError'{0x0000000082a4a450}: 'void java.lang.invoke.DirectMethodHandle$Holder.invokeInterface(java.lang.Object, java.lang.Object, int)'> (0x0000000082a4a450) 
thrown [t:\workspace\open\src\hotspot\share\interpreter\linkResolver.cpp, line 790]
Event: 2.453 Thread 0x000001e2222693c0 Exception <a 'java/lang/NoSuchMethodError'{0x0000000082a65450}: 'int java.lang.invoke.DirectMethodHandle$Holder.invokeVirtual(java.lang.Object, java.lang.Object)'> (0x0000000082a65450) 
thrown [t:\workspace\open\src\hotspot\share\interpreter\linkResolver.cpp, line 790]
Event: 2.456 Thread 0x000001e2222693c0 Exception <a 'java/lang/IncompatibleClassChangeError'{0x0000000082aa0c98}: Found class java.lang.Object, but interface was expected> (0x0000000082aa0c98) 
thrown [t:\workspace\open\src\hotspot\share\interpreter\linkResolver.cpp, line 857]
Event: 2.457 Thread 0x000001e2222693c0 Exception <a 'java/lang/NoSuchMethodError'{0x0000000082aa60d0}: 'void java.lang.invoke.DirectMethodHandle$Holder.invokeStatic(java.lang.Object, int, java.lang.Object)'> (0x0000000082aa60d0) 
thrown [t:\workspace\open\src\hotspot\share\interpreter\linkResolver.cpp, line 790]
Event: 2.461 Thread 0x000001e2222693c0 Exception <a 'java/lang/NoSuchMethodError'{0x0000000082ad6308}: 'int java.lang.invoke.DirectMethodHandle$Holder.invokeSpecial(java.lang.Object, java.lang.Object, int)'> (0x0000000082ad6308) 
thrown [t:\workspace\open\src\hotspot\share\interpreter\linkResolver.cpp, line 790]
Event: 2.558 Thread 0x000001e2222693c0 Exception <a 'java/lang/NoSuchMethodError'{0x0000000084e98c10}: 'java.lang.Object java.lang.invoke.DirectMethodHandle$Holder.invokeStaticInit(java.lang.Object, int, int, int, int)'> (0x0000000084e98c10) 
thrown [t:\workspace\open\src\hotspot\share\interpreter\linkResolver.cpp, line 790]
Event: 2.589 Thread 0x000001e2222693c0 Exception <a 'java/lang/NoSuchMethodError'{0x0000000084d54910}: 'java.lang.Object java.lang.invoke.DirectMethodHandle$Holder.invokeStaticInit(java.lang.Object, java.lang.Object, int, int, int, int)'> (0x0000000084d54910) 
thrown [t:\workspace\open\src\hotspot\share\interpreter\linkResolver.cpp, line 790]

Events (20 events):
Event: 2.758 loading class sun/util/resources/TimeZoneNamesBundle
Event: 2.758 loading class sun/util/resources/OpenListResourceBundle
Event: 2.758 loading class sun/util/resources/OpenListResourceBundle done
Event: 2.758 loading class sun/util/resources/TimeZoneNamesBundle done
Event: 2.758 loading class sun/util/resources/cldr/TimeZoneNames done
Event: 2.758 loading class sun/util/resources/cldr/TimeZoneNames_en
Event: 2.759 loading class sun/util/resources/cldr/TimeZoneNames_en done
Event: 2.759 loading class sun/util/resources/cldr/TimeZoneNames_en_US
Event: 2.759 loading class sun/util/resources/cldr/TimeZoneNames_en_US done
Event: 2.759 loading class sun/util/resources/TimeZoneNames
Event: 2.760 loading class sun/util/resources/TimeZoneNames done
Event: 2.760 loading class sun/util/resources/TimeZoneNames_en
Event: 2.760 loading class sun/util/resources/TimeZoneNames_en done
Event: 2.764 loading class java/util/jar/JarInputStream
Event: 2.764 loading class java/util/zip/ZipInputStream
Event: 2.764 loading class java/util/zip/ZipInputStream done
Event: 2.764 loading class java/util/jar/JarInputStream done
Event: 2.764 loading class java/io/PushbackInputStream
Event: 2.764 loading class java/io/PushbackInputStream done
Event: 2.769 Executing  VM operation: G1CollectForAllocation


Dynamic libraries:
0x00007ff7b5820000 - 0x00007ff7b5830000 	C:\Program Files\Java\jdk-16.0.1\bin\javaw.exe
0x00007ffaa4a70000 - 0x00007ffaa4c50000 	C:\Windows\SYSTEM32\ntdll.dll
0x00007ffaa3fd0000 - 0x00007ffaa407e000 	C:\Windows\System32\KERNEL32.DLL
0x00007ffaa1a10000 - 0x00007ffaa1c76000 	C:\Windows\System32\KERNELBASE.dll
0x00007ffaa1860000 - 0x00007ffaa1956000 	C:\Windows\System32\ucrtbase.dll
0x00007ffa9f1f0000 - 0x00007ffa9f209000 	C:\Program Files\Java\jdk-16.0.1\bin\VCRUNTIME140.dll
0x00007ffa9a220000 - 0x00007ffa9a238000 	C:\Program Files\Java\jdk-16.0.1\bin\jli.dll
0x00007ffaa3de0000 - 0x00007ffaa3e81000 	C:\Windows\System32\ADVAPI32.dll
0x00007ffaa43b0000 - 0x00007ffaa444d000 	C:\Windows\System32\msvcrt.dll
0x00007ffaa4460000 - 0x00007ffaa44bb000 	C:\Windows\System32\sechost.dll
0x00007ffaa1fc0000 - 0x00007ffaa20df000 	C:\Windows\System32\RPCRT4.dll
0x00007ffaa2450000 - 0x00007ffaa25de000 	C:\Windows\System32\USER32.dll
0x00007ffaa1c80000 - 0x00007ffaa1ca0000 	C:\Windows\System32\win32u.dll
0x00007ffaa3fa0000 - 0x00007ffaa3fc8000 	C:\Windows\System32\GDI32.dll
0x00007ffa8f810000 - 0x00007ffa8fa79000 	C:\Windows\WinSxS\amd64_microsoft.windows.common-controls_6595b64144ccf1df_6.0.16299.15_none_cc92fb402215d91d\COMCTL32.dll
0x00007ffaa0f70000 - 0x00007ffaa1101000 	C:\Windows\System32\gdi32full.dll
0x00007ffaa20e0000 - 0x00007ffaa23e8000 	C:\Windows\System32\combase.dll
0x00007ffaa0ed0000 - 0x00007ffaa0f6b000 	C:\Windows\System32\msvcp_win.dll
0x00007ffaa1ca0000 - 0x00007ffaa1d12000 	C:\Windows\System32\bcryptPrimitives.dll
0x00007ffa9cea0000 - 0x00007ffa9ceaa000 	C:\Windows\SYSTEM32\VERSION.dll
0x00007ffaa2690000 - 0x00007ffaa26bd000 	C:\Windows\System32\IMM32.DLL
0x00007ffa9f1e0000 - 0x00007ffa9f1ec000 	C:\Program Files\Java\jdk-16.0.1\bin\vcruntime140_1.dll
0x00007ffa824d0000 - 0x00007ffa82561000 	C:\Program Files\Java\jdk-16.0.1\bin\msvcp140.dll
0x00007ffa34d00000 - 0x00007ffa358ab000 	C:\Program Files\Java\jdk-16.0.1\bin\server\jvm.dll
0x00007ffaa43a0000 - 0x00007ffaa43a8000 	C:\Windows\System32\PSAPI.DLL
0x00007ffa9f0f0000 - 0x00007ffa9f113000 	C:\Windows\SYSTEM32\WINMM.dll
0x00007ffa8a210000 - 0x00007ffa8a219000 	C:\Windows\SYSTEM32\WSOCK32.dll
0x00007ffaa3d10000 - 0x00007ffaa3d7c000 	C:\Windows\System32\WS2_32.dll
0x00007ffa9f020000 - 0x00007ffa9f04a000 	C:\Windows\SYSTEM32\winmmbase.dll
0x00007ffaa1d20000 - 0x00007ffaa1d6a000 	C:\Windows\System32\cfgmgr32.dll
0x00007ffaa0e10000 - 0x00007ffaa0e21000 	C:\Windows\System32\kernel.appcore.dll
0x00007ffa9aad0000 - 0x00007ffa9aada000 	C:\Program Files\Java\jdk-16.0.1\bin\jimage.dll
0x00007ffa8a780000 - 0x00007ffa8a948000 	C:\Windows\SYSTEM32\DBGHELP.DLL
0x00007ffa8a1b0000 - 0x00007ffa8a1d9000 	C:\Windows\SYSTEM32\dbgcore.DLL
0x00007ffa9a1f0000 - 0x00007ffa9a215000 	C:\Program Files\Java\jdk-16.0.1\bin\java.dll
0x00007ffaa26c0000 - 0x00007ffaa3af7000 	C:\Windows\System32\SHELL32.dll
0x00007ffaa25e0000 - 0x00007ffaa2686000 	C:\Windows\System32\shcore.dll
0x00007ffaa1110000 - 0x00007ffaa1857000 	C:\Windows\System32\windows.storage.dll
0x00007ffaa4590000 - 0x00007ffaa45e1000 	C:\Windows\System32\shlwapi.dll
0x00007ffaa0dc0000 - 0x00007ffaa0e0c000 	C:\Windows\System32\powrprof.dll
0x00007ffaa0e30000 - 0x00007ffaa0e4b000 	C:\Windows\System32\profapi.dll
0x00007ffa9a1b0000 - 0x00007ffa9a1c9000 	C:\Program Files\Java\jdk-16.0.1\bin\net.dll
0x00007ffa9c8c0000 - 0x00007ffa9c99e000 	C:\Windows\SYSTEM32\WINHTTP.dll
0x00007ffaa0650000 - 0x00007ffaa06b6000 	C:\Windows\system32\mswsock.dll
0x00007ffa9a190000 - 0x00007ffa9a1a3000 	C:\Program Files\Java\jdk-16.0.1\bin\nio.dll
0x00007ffa9a1d0000 - 0x00007ffa9a1e8000 	C:\Program Files\Java\jdk-16.0.1\bin\zip.dll
0x00007ffa91720000 - 0x00007ffa91730000 	C:\Program Files\Java\jdk-16.0.1\bin\verify.dll
0x00007ffa8eae0000 - 0x00007ffa8eae9000 	C:\Program Files\Java\jdk-16.0.1\bin\management.dll
0x00007ffa8c990000 - 0x00007ffa8c99b000 	C:\Program Files\Java\jdk-16.0.1\bin\management_ext.dll
0x00007ffa90090000 - 0x00007ffa900a6000 	C:\Windows\system32\napinsp.dll
0x00007ffa90070000 - 0x00007ffa9008a000 	C:\Windows\system32\pnrpnsp.dll
0x00007ffa9e980000 - 0x00007ffa9e998000 	C:\Windows\system32\NLAapi.dll
0x00007ffaa0420000 - 0x00007ffaa04d6000 	C:\Windows\SYSTEM32\DNSAPI.dll
0x00007ffaa4450000 - 0x00007ffaa4458000 	C:\Windows\System32\NSI.dll
0x00007ffaa03e0000 - 0x00007ffaa0419000 	C:\Windows\SYSTEM32\IPHLPAPI.DLL
0x00007ffa9f150000 - 0x00007ffa9f15e000 	C:\Windows\System32\winrnr.dll
0x00007ffa76630000 - 0x00007ffa76645000 	C:\Windows\System32\wshbth.dll
0x00007ffa945e0000 - 0x00007ffa945ea000 	C:\Windows\System32\rasadhlp.dll
0x00007ffa972d0000 - 0x00007ffa97340000 	C:\Windows\System32\fwpuclnt.dll
0x00007ffaa0920000 - 0x00007ffaa0945000 	C:\Windows\SYSTEM32\bcrypt.dll
0x00007ffaa0810000 - 0x00007ffaa0827000 	C:\Windows\SYSTEM32\CRYPTSP.dll
0x00007ffaa0260000 - 0x00007ffaa0293000 	C:\Windows\system32\rsaenh.dll
0x00007ffaa0cc0000 - 0x00007ffaa0ce9000 	C:\Windows\SYSTEM32\USERENV.dll
0x00007ffaa0830000 - 0x00007ffaa083b000 	C:\Windows\SYSTEM32\CRYPTBASE.dll
0x00007ffa9b380000 - 0x00007ffa9b396000 	C:\Windows\SYSTEM32\dhcpcsvc6.DLL
0x00007ffa9c1e0000 - 0x00007ffa9c1fa000 	C:\Windows\SYSTEM32\dhcpcsvc.DLL

dbghelp: loaded successfully - version: 4.0.5 - missing functions: none
symbol engine: initialized successfully - sym options: 0x614 - pdb path: .;C:\Program Files\Java\jdk-16.0.1\bin;C:\Windows\SYSTEM32;C:\Windows\WinSxS\amd64_microsoft.windows.common-controls_6595b64144ccf1df_6.0.16299.15_none_cc92fb402215d91d;C:\Program Files\Java\jdk-16.0.1\bin\server

VM Arguments:
jvm_args: -Dfile.encoding=UTF-8 -XX:+ShowCodeDetailsInExceptionMessages 
java_command: javacamp.hrms.HrmsApplication
java_class_path (initial): C:\Hrms\hrms\hrms\target\classes;C:\Users\SNAN\.p2\pool\plugins\org.apache.axis_1.4.0.v201411182030\lib\axis.jar;C:\Users\SNAN\.p2\pool\plugins\org.apache.commons.discovery_0.2.0.v201004190315\lib\commons-discovery-0.2.jar;C:\Users\SNAN\.p2\pool\plugins\javax.xml.rpc_1.1.0.v201209140446\lib\jaxrpc.jar;C:\Users\SNAN\.p2\pool\plugins\javax.xml.soap_1.2.0.v201005080501\lib\saaj.jar;C:\Users\SNAN\.p2\pool\plugins\javax.wsdl_1.6.2.v201012040545.jar;C:\Users\SNAN\.p2\pool\plugins\org.apache.commons.logging_1.2.0.v20180409-1502.jar;C:\Users\SNAN\.m2\repository\org\springframework\boot\spring-boot-starter-data-jpa\2.4.5\spring-boot-starter-data-jpa-2.4.5.jar;C:\Users\SNAN\.m2\repository\org\springframework\boot\spring-boot-starter-aop\2.4.5\spring-boot-starter-aop-2.4.5.jar;C:\Users\SNAN\.m2\repository\org\springframework\spring-aop\5.3.6\spring-aop-5.3.6.jar;C:\Users\SNAN\.m2\repository\org\aspectj\aspectjweaver\1.9.6\aspectjweaver-1.9.6.jar;C:\Users\SNAN\.m2\repository\org\springframework\boot\spring-boot-starter-jdbc\2.4.5\spring-boot-starter-jdbc-2.4.5.jar;C:\Users\SNAN\.m2\repository\com\zaxxer\HikariCP\3.4.5\HikariCP-3.4.5.jar;C:\Users\SNAN\.m2\repository\org\springframework\spring-jdbc\5.3.6\spring-jdbc-5.3.6.jar;C:\Users\SNAN\.m2\repository\jakarta\transaction\jakarta.transaction-api\1.3.3\jakarta.transaction-api-1.3.3.jar;C:\Users\SNAN\.m2\repository\jakarta\persistence\jakarta.persistence-api\2.2.3\jakarta.persistence-api-2.2.3.jar;C:\Users\SNAN\.m2\repository\org\hibernate\hibernate-core\5.4.30.Final\hibernate-core-5.4.30.Final.jar;C:\Users\SNAN\.m2\repository\org\jboss\logging\jboss-logging\3.4.1.Final\jboss-logging-3.4.1.Final.jar;C:\Users\SNAN\.m2\repository\org\javassist\javassist\3.27.0-GA\javassist-3.27.0-GA.jar;C:\Users\SNAN\.m2\repository\net\bytebuddy\byte-buddy\1.10.22\byte-buddy-1.10.22.jar;C:\Users\SNAN\.m2\repository\antlr\antlr\2.7.7\antlr-2.7.7.jar;C:\Users\SNAN\.m2\repository\org\jboss\jandex\2.2.3.Final\jandex-2.2.3.F
Launcher Type: SUN_STANDARD

[Global flags]
     intx CICompilerCount                          = 4                                         {product} {ergonomic}
     uint ConcGCThreads                            = 2                                         {product} {ergonomic}
     uint G1ConcRefinementThreads                  = 8                                         {product} {ergonomic}
   size_t G1HeapRegionSize                         = 1048576                                   {product} {ergonomic}
    uintx GCDrainStackTargetSize                   = 64                                        {product} {ergonomic}
   size_t InitialHeapSize                          = 134217728                                 {product} {ergonomic}
   size_t MarkStackSize                            = 4194304                                   {product} {ergonomic}
   size_t MaxHeapSize                              = 2124414976                                {product} {ergonomic}
   size_t MaxNewSize                               = 1274019840                                {product} {ergonomic}
   size_t MinHeapDeltaBytes                        = 1048576                                   {product} {ergonomic}
   size_t MinHeapSize                              = 8388608                                   {product} {ergonomic}
    uintx NonNMethodCodeHeapSize                   = 5839372                                {pd product} {ergonomic}
    uintx NonProfiledCodeHeapSize                  = 122909434                              {pd product} {ergonomic}
    uintx ProfiledCodeHeapSize                     = 122909434                              {pd product} {ergonomic}
    uintx ReservedCodeCacheSize                    = 251658240                              {pd product} {ergonomic}
     bool SegmentedCodeCache                       = true                                      {product} {ergonomic}
     bool ShowCodeDetailsInExceptionMessages       = true                                   {manageable} {command line}
   size_t SoftMaxHeapSize                          = 2124414976                             {manageable} {ergonomic}
     bool UseCompressedClassPointers               = true                           {product lp64_product} {ergonomic}
     bool UseCompressedOops                        = true                           {product lp64_product} {ergonomic}
     bool UseG1GC                                  = true                                      {product} {ergonomic}
     bool UseLargePagesIndividualAllocation        = false                                  {pd product} {ergonomic}

Logging:
Log output configuration:
 #0: stdout all=warning uptime,level,tags
 #1: stderr all=off uptime,level,tags

Environment Variables:
PATH=C:/Program Files/Java/jdk-16.0.1/bin/server;C:/Program Files/Java/jdk-16.0.1/bin;C:\Program Files\Common Files\Oracle\Java\javapath;C:\Windows\system32;C:\Windows;C:\Windows\System32\Wbem;C:\Windows\System32\WindowsPowerShell\v1.0\;C:\Program Files (x86)\NVIDIA Corporation\PhysX\Common;C:\Program Files\NVIDIA Corporation\NVIDIA NvDLISR;C:\Program Files\Microsoft SQL Server\130\Tools\Binn\;C:\Program Files\Microsoft SQL Server\Client SDK\ODBC\170\Tools\Binn\;C:\Program Files\Git\cmd;C:\Program Files (x86)\Microsoft SQL Server\150\DTS\Binn\;C:\Program Files\Azure Data Studio\bin;C:\Program Files\dotnet\;C:\Program Files\nodejs\;C:\Users\SNAN\AppData\Local\Microsoft\WindowsApps;;C:\Users\SNAN\AppData\Local\Programs\Microsoft VS Code\bin;C:\Program Files\Azure Data Studio\bin;C:\Users\SNAN\.dotnet\tools;C:\Users\SNAN\AppData\Roaming\npm;C:\Windows\system32;
USERNAME=SNAN
OS=Windows_NT
PROCESSOR_IDENTIFIER=Intel64 Family 6 Model 142 Stepping 10, GenuineIntel



---------------  S Y S T E M  ---------------

OS:
 Windows 10 , 64 bit Build 16299 (10.0.16299.15)
OS uptime: 13 days 20:05 hours

CPU: total 8 (initial active 8) (4 cores per cpu, 2 threads per core) family 6 model 142 stepping 10 microcode 0xd6, cx8, cmov, fxsr, ht, mmx, 3dnowpref, sse, sse2, sse3, ssse3, sse4.1, sse4.2, popcnt, lzcnt, tsc, tscinvbit, avx, avx2, aes, erms, clmul, bmi1, bmi2, adx, fma, vzeroupper, clflush, clflushopt

Memory: 4k page, system-wide physical 8101M (582M free)
TotalPageFile size 22333M (AvailPageFile size 35M)
current process WorkingSet (physical memory assigned to process): 224M, peak: 224M
current process commit charge ("private bytes"): 281M, peak: 327M

vm_info: Java HotSpot(TM) 64-Bit Server VM (16.0.1+9-24) for windows-amd64 JRE (16.0.1+9-24), built on Mar 26 2021 19:31:42 by "mach5one" with MS VC++ 16.7 (VS2019)

END.
