#
# There is insufficient memory for the Java Runtime Environment to continue.
# Native memory allocation (malloc) failed to allocate 2124336 bytes for Chunk::new
# Possible reasons:
#   The system is out of physical RAM or swap space
#   The process is running with CompressedOops enabled, and the Java Heap may be blocking the growth of the native heap
# Possible solutions:
#   Reduce memory load on the system
#   Increase physical memory or swap space
#   Check if swap backing store is full
#   Decrease Java heap size (-Xmx/-Xms)
#   Decrease number of Java threads
#   Decrease Java thread stack sizes (-Xss)
#   Set larger code cache with -XX:ReservedCodeCacheSize=
#   JVM is running with Unscaled Compressed Oops mode in which the Java heap is
#     placed in the first 4GB address space. The Java Heap base address is the
#     maximum limit for the native heap growth. Please use -XX:HeapBaseMinAddress
#     to set the Java Heap base and to place the Java Heap above 4GB virtual address.
# This output file may be truncated or incomplete.
#
#  Out of Memory Error (arena.cpp:195), pid=19240, tid=1080
#
# JRE version: Java(TM) SE Runtime Environment (16.0.1+9) (build 16.0.1+9-24)
# Java VM: Java HotSpot(TM) 64-Bit Server VM (16.0.1+9-24, mixed mode, sharing, tiered, compressed oops, compressed class ptrs, g1 gc, windows-amd64)
# No core dump will be written. Minidumps are not enabled by default on client versions of Windows
#

---------------  S U M M A R Y ------------

Command Line: -Dfile.encoding=UTF-8 -XX:+ShowCodeDetailsInExceptionMessages javacamp.hrms.HrmsApplication

Host: Intel(R) Core(TM) i5-8250U CPU @ 1.60GHz, 8 cores, 7G,  Windows 10 , 64 bit Build 16299 (10.0.16299.15)
Time: Tue May 25 19:23:12 2021 Türkiye Standart Saati elapsed time: 3.016851 seconds (0d 0h 0m 3s)

---------------  T H R E A D  ---------------

Current thread (0x0000021d660b7440):  JavaThread "C2 CompilerThread1" daemon [_thread_in_native, id=1080, stack(0x000000d504400000,0x000000d504500000)]


Current CompileTask:
C2:   3016 3803       4       org.springframework.beans.factory.support.AbstractAutowireCapableBeanFactory::predictBeanType (126 bytes)

Stack: [0x000000d504400000,0x000000d504500000]
Native frames: (J=compiled Java code, j=interpreted, Vv=VM code, C=native code)
V  [jvm.dll+0x6687ca]
V  [jvm.dll+0x7ca3c9]
V  [jvm.dll+0x7cbb53]
V  [jvm.dll+0x7cc1b3]
V  [jvm.dll+0x242ea5]
V  [jvm.dll+0xadeca]
V  [jvm.dll+0xae5ac]
V  [jvm.dll+0x35af27]
V  [jvm.dll+0x1b9d3a]
V  [jvm.dll+0x216066]
V  [jvm.dll+0x215350]
V  [jvm.dll+0x1a1d9b]
V  [jvm.dll+0x2253a8]
V  [jvm.dll+0x2233ec]
V  [jvm.dll+0x780002]
V  [jvm.dll+0x779b4a]
V  [jvm.dll+0x667666]
C  [ucrtbase.dll+0x1d885]
C  [KERNEL32.DLL+0x11fe4]
C  [ntdll.dll+0x6ef91]


---------------  P R O C E S S  ---------------

Threads class SMR info:
_java_thread_list=0x0000021d0e4be300, length=19, elements={
0x0000021d660b6440, 0x0000021d0411b080, 0x0000021d0411eb20, 0x0000021d0412d690,
0x0000021d041314c0, 0x0000021d04132a80, 0x0000021d04134040, 0x0000021d04145200,
0x0000021d04165c10, 0x0000021d04168570, 0x0000021d04ce7cb0, 0x0000021d04cea8f0,
0x0000021d660b7440, 0x0000021d04da8480, 0x0000021d0557b2f0, 0x0000021d0557bc20,
0x0000021d07ebeee0, 0x0000021d07ebd9a0, 0x0000021d07ebc460
}

Java Threads: ( => current thread )
  0x0000021d660b6440 JavaThread "main" [_thread_blocked, id=12676, stack(0x000000d503100000,0x000000d503200000)]
  0x0000021d0411b080 JavaThread "Reference Handler" daemon [_thread_blocked, id=24496, stack(0x000000d503800000,0x000000d503900000)]
  0x0000021d0411eb20 JavaThread "Finalizer" daemon [_thread_blocked, id=19624, stack(0x000000d503900000,0x000000d503a00000)]
  0x0000021d0412d690 JavaThread "Signal Dispatcher" daemon [_thread_blocked, id=2600, stack(0x000000d503a00000,0x000000d503b00000)]
  0x0000021d041314c0 JavaThread "Attach Listener" daemon [_thread_blocked, id=17904, stack(0x000000d503b00000,0x000000d503c00000)]
  0x0000021d04132a80 JavaThread "Service Thread" daemon [_thread_blocked, id=12300, stack(0x000000d503c00000,0x000000d503d00000)]
  0x0000021d04134040 JavaThread "Monitor Deflation Thread" daemon [_thread_blocked, id=8388, stack(0x000000d503d00000,0x000000d503e00000)]
  0x0000021d04145200 JavaThread "C2 CompilerThread0" daemon [_thread_in_native, id=11768, stack(0x000000d503e00000,0x000000d503f00000)]
  0x0000021d04165c10 JavaThread "C1 CompilerThread0" daemon [_thread_blocked, id=24564, stack(0x000000d503f00000,0x000000d504000000)]
  0x0000021d04168570 JavaThread "Sweeper thread" daemon [_thread_blocked, id=20432, stack(0x000000d504000000,0x000000d504100000)]
  0x0000021d04ce7cb0 JavaThread "Notification Thread" daemon [_thread_blocked, id=15836, stack(0x000000d504100000,0x000000d504200000)]
  0x0000021d04cea8f0 JavaThread "Common-Cleaner" daemon [_thread_blocked, id=11060, stack(0x000000d504300000,0x000000d504400000)]
=>0x0000021d660b7440 JavaThread "C2 CompilerThread1" daemon [_thread_in_native, id=1080, stack(0x000000d504400000,0x000000d504500000)]
  0x0000021d04da8480 JavaThread "C2 CompilerThread2" daemon [_thread_in_native, id=23924, stack(0x000000d504500000,0x000000d504600000)]
  0x0000021d0557b2f0 JavaThread "Thread-0" [_thread_blocked, id=1604, stack(0x000000d504b00000,0x000000d504c00000)]
  0x0000021d0557bc20 JavaThread "restartedMain" [_thread_in_vm, id=25632, stack(0x000000d504c00000,0x000000d504d00000)]
  0x0000021d07ebeee0 JavaThread "Catalina-utility-1" [_thread_blocked, id=22200, stack(0x000000d505200000,0x000000d505300000)]
  0x0000021d07ebd9a0 JavaThread "Catalina-utility-2" [_thread_blocked, id=620, stack(0x000000d505300000,0x000000d505400000)]
  0x0000021d07ebc460 JavaThread "container-0" [_thread_blocked, id=8784, stack(0x000000d505400000,0x000000d505500000)]

Other Threads:
  0x0000021d04114050 VMThread "VM Thread" [stack: 0x000000d503700000,0x000000d503800000] [id=22588]
  0x0000021d04cea600 WatcherThread [stack: 0x000000d504200000,0x000000d504300000] [id=17820]
  0x0000021d660f4fa0 GCTaskThread "GC Thread#0" [stack: 0x000000d503200000,0x000000d503300000] [id=7260]
  0x0000021d057b4030 GCTaskThread "GC Thread#1" [stack: 0x000000d504600000,0x000000d504700000] [id=24028]
  0x0000021d057b4750 GCTaskThread "GC Thread#2" [stack: 0x000000d504700000,0x000000d504800000] [id=16888]
  0x0000021d05682420 GCTaskThread "GC Thread#3" [stack: 0x000000d504800000,0x000000d504900000] [id=7796]
  0x0000021d05750270 GCTaskThread "GC Thread#4" [stack: 0x000000d504900000,0x000000d504a00000] [id=16704]
  0x0000021d05750580 GCTaskThread "GC Thread#5" [stack: 0x000000d504a00000,0x000000d504b00000] [id=26004]
  0x0000021d09193c80 GCTaskThread "GC Thread#6" [stack: 0x000000d504f00000,0x000000d505000000] [id=23076]
  0x0000021d08b12c30 GCTaskThread "GC Thread#7" [stack: 0x000000d505000000,0x000000d505100000] [id=11536]
  0x0000021d661069e0 ConcurrentGCThread "G1 Main Marker" [stack: 0x000000d503300000,0x000000d503400000] [id=26184]
  0x0000021d661084e0 ConcurrentGCThread "G1 Conc#0" [stack: 0x000000d503400000,0x000000d503500000] [id=4928]
  0x0000021d0658a7f0 ConcurrentGCThread "G1 Conc#1" [stack: 0x000000d505100000,0x000000d505200000] [id=24792]
  0x0000021d03fc20a0 ConcurrentGCThread "G1 Refine#0" [stack: 0x000000d503500000,0x000000d503600000] [id=15648]
  0x0000021d03fc29b0 ConcurrentGCThread "G1 Service" [stack: 0x000000d503600000,0x000000d503700000] [id=13564]

Threads with active compile tasks:
C2 CompilerThread0     3047 3901   !   4       java.util.concurrent.ConcurrentHashMap::putVal (432 bytes)
C1 CompilerThread0     3047 4102   !   2       java.util.WeakHashMap::expungeStaleEntries (139 bytes)
C2 CompilerThread1     3047 3803       4       org.springframework.beans.factory.support.AbstractAutowireCapableBeanFactory::predictBeanType (126 bytes)
C2 CompilerThread2     3047 3690       4       org.springframework.beans.factory.support.AbstractBeanFactory::isTypeMatch (607 bytes)

VM state: not at safepoint (normal execution)

VM Mutex/Monitor currently owned by a thread: None

Heap address: 0x0000000081600000, size: 2026 MB, Compressed Oops mode: 32-bit

CDS archive(s) mapped at: [0x0000000800000000-0x0000000800bb0000-0x0000000800bb0000), size 12255232, SharedBaseAddress: 0x0000000800000000, ArchiveRelocationMode: 0.
Compressed class space mapped at: 0x0000000800c00000-0x0000000840c00000, reserved size: 1073741824
Narrow klass base: 0x0000000800000000, Narrow klass shift: 3, Narrow klass range: 0x100000000

GC Precious Log:
 CPUs: 8 total, 8 available
 Memory: 8101M
 Large Page Support: Disabled
 NUMA Support: Disabled
 Compressed Oops: Enabled (32-bit)
 Heap Region Size: 1M
 Heap Min Capacity: 8M
 Heap Initial Capacity: 128M
 Heap Max Capacity: 2026M
 Pre-touch: Disabled
 Parallel Workers: 8
 Concurrent Workers: 2
 Concurrent Refinement Workers: 8
 Periodic GC: Disabled

Heap:
 garbage-first heap   total 115712K, used 61182K [0x0000000081600000, 0x0000000100000000)
  region size 1024K, 47 young (48128K), 2 survivors (2048K)
 Metaspace       used 29196K, committed 29504K, reserved 1081344K
  class space    used 3565K, committed 3712K, reserved 1048576K

Heap Regions: E=young(eden), S=young(survivor), O=old, HS=humongous(starts), HC=humongous(continues), CS=collection set, F=free, OA=open archive, CA=closed archive, TAMS=top-at-mark-start (previous, next)
|   0|0x0000000081600000, 0x0000000081700000, 0x0000000081700000|100%|HS|  |TAMS 0x0000000081700000, 0x0000000081600000| Complete 
|   1|0x0000000081700000, 0x0000000081800000, 0x0000000081800000|100%| O|  |TAMS 0x0000000081800000, 0x0000000081700000| Untracked 
|   2|0x0000000081800000, 0x0000000081900000, 0x0000000081900000|100%| O|  |TAMS 0x0000000081900000, 0x0000000081800000| Untracked 
|   3|0x0000000081900000, 0x0000000081a00000, 0x0000000081a00000|100%| O|  |TAMS 0x0000000081a00000, 0x0000000081900000| Untracked 
|   4|0x0000000081a00000, 0x0000000081b00000, 0x0000000081b00000|100%| O|  |TAMS 0x0000000081b00000, 0x0000000081a00000| Untracked 
|   5|0x0000000081b00000, 0x0000000081c00000, 0x0000000081c00000|100%| O|  |TAMS 0x0000000081c00000, 0x0000000081b00000| Untracked 
|   6|0x0000000081c00000, 0x0000000081c76800, 0x0000000081d00000| 46%| O|  |TAMS 0x0000000081c76800, 0x0000000081c00000| Untracked 
|   7|0x0000000081d00000, 0x0000000081e00000, 0x0000000081e00000|100%| O|  |TAMS 0x0000000081d00000, 0x0000000081d00000| Untracked 
|   8|0x0000000081e00000, 0x0000000081effff8, 0x0000000081f00000| 99%| O|  |TAMS 0x0000000081e00000, 0x0000000081e00000| Untracked 
|   9|0x0000000081f00000, 0x0000000082000000, 0x0000000082000000|100%| O|  |TAMS 0x0000000081f00000, 0x0000000081f00000| Untracked 
|  10|0x0000000082000000, 0x0000000082100000, 0x0000000082100000|100%| O|  |TAMS 0x0000000082000000, 0x0000000082000000| Untracked 
|  11|0x0000000082100000, 0x0000000082200000, 0x0000000082200000|100%| O|  |TAMS 0x0000000082100000, 0x0000000082100000| Untracked 
|  12|0x0000000082200000, 0x0000000082300000, 0x0000000082300000|100%| O|  |TAMS 0x0000000082200000, 0x0000000082200000| Untracked 
|  13|0x0000000082300000, 0x0000000082400000, 0x0000000082400000|100%| O|  |TAMS 0x0000000082300000, 0x0000000082300000| Untracked 
|  14|0x0000000082400000, 0x0000000082500000, 0x0000000082500000|100%| O|  |TAMS 0x0000000082400000, 0x0000000082400000| Untracked 
|  15|0x0000000082500000, 0x0000000082588800, 0x0000000082600000| 53%| O|  |TAMS 0x0000000082500000, 0x0000000082500000| Untracked 
|  16|0x0000000082600000, 0x0000000082600000, 0x0000000082700000|  0%| F|  |TAMS 0x0000000082600000, 0x0000000082600000| Untracked 
|  17|0x0000000082700000, 0x0000000082700000, 0x0000000082800000|  0%| F|  |TAMS 0x0000000082700000, 0x0000000082700000| Untracked 
|  18|0x0000000082800000, 0x0000000082800000, 0x0000000082900000|  0%| F|  |TAMS 0x0000000082800000, 0x0000000082800000| Untracked 
|  19|0x0000000082900000, 0x0000000082900000, 0x0000000082a00000|  0%| F|  |TAMS 0x0000000082900000, 0x0000000082900000| Untracked 
|  20|0x0000000082a00000, 0x0000000082a00000, 0x0000000082b00000|  0%| F|  |TAMS 0x0000000082a00000, 0x0000000082a00000| Untracked 
|  21|0x0000000082b00000, 0x0000000082b00000, 0x0000000082c00000|  0%| F|  |TAMS 0x0000000082b00000, 0x0000000082b00000| Untracked 
|  22|0x0000000082c00000, 0x0000000082c00000, 0x0000000082d00000|  0%| F|  |TAMS 0x0000000082c00000, 0x0000000082c00000| Untracked 
|  23|0x0000000082d00000, 0x0000000082d00000, 0x0000000082e00000|  0%| F|  |TAMS 0x0000000082d00000, 0x0000000082d00000| Untracked 
|  24|0x0000000082e00000, 0x0000000082e00000, 0x0000000082f00000|  0%| F|  |TAMS 0x0000000082e00000, 0x0000000082e00000| Untracked 
|  25|0x0000000082f00000, 0x0000000082fc0b60, 0x0000000083000000| 75%| S|CS|TAMS 0x0000000082f00000, 0x0000000082f00000| Complete 
|  26|0x0000000083000000, 0x0000000083000000, 0x0000000083100000|  0%| F|  |TAMS 0x0000000083000000, 0x0000000083000000| Untracked 
|  27|0x0000000083100000, 0x0000000083200000, 0x0000000083200000|100%| S|CS|TAMS 0x0000000083100000, 0x0000000083100000| Complete 
|  28|0x0000000083200000, 0x0000000083200000, 0x0000000083300000|  0%| F|  |TAMS 0x0000000083200000, 0x0000000083200000| Untracked 
|  29|0x0000000083300000, 0x0000000083300000, 0x0000000083400000|  0%| F|  |TAMS 0x0000000083300000, 0x0000000083300000| Untracked 
|  30|0x0000000083400000, 0x0000000083400000, 0x0000000083500000|  0%| F|  |TAMS 0x0000000083400000, 0x0000000083400000| Untracked 
|  31|0x0000000083500000, 0x0000000083500000, 0x0000000083600000|  0%| F|  |TAMS 0x0000000083500000, 0x0000000083500000| Untracked 
|  32|0x0000000083600000, 0x0000000083600000, 0x0000000083700000|  0%| F|  |TAMS 0x0000000083600000, 0x0000000083600000| Untracked 
|  33|0x0000000083700000, 0x0000000083700000, 0x0000000083800000|  0%| F|  |TAMS 0x0000000083700000, 0x0000000083700000| Untracked 
|  34|0x0000000083800000, 0x0000000083800000, 0x0000000083900000|  0%| F|  |TAMS 0x0000000083800000, 0x0000000083800000| Untracked 
|  35|0x0000000083900000, 0x0000000083900000, 0x0000000083a00000|  0%| F|  |TAMS 0x0000000083900000, 0x0000000083900000| Untracked 
|  36|0x0000000083a00000, 0x0000000083a00000, 0x0000000083b00000|  0%| F|  |TAMS 0x0000000083a00000, 0x0000000083a00000| Untracked 
|  37|0x0000000083b00000, 0x0000000083b00000, 0x0000000083c00000|  0%| F|  |TAMS 0x0000000083b00000, 0x0000000083b00000| Untracked 
|  38|0x0000000083c00000, 0x0000000083c00000, 0x0000000083d00000|  0%| F|  |TAMS 0x0000000083c00000, 0x0000000083c00000| Untracked 
|  39|0x0000000083d00000, 0x0000000083d00000, 0x0000000083e00000|  0%| F|  |TAMS 0x0000000083d00000, 0x0000000083d00000| Untracked 
|  40|0x0000000083e00000, 0x0000000083e00000, 0x0000000083f00000|  0%| F|  |TAMS 0x0000000083e00000, 0x0000000083e00000| Untracked 
|  41|0x0000000083f00000, 0x0000000083f00000, 0x0000000084000000|  0%| F|  |TAMS 0x0000000083f00000, 0x0000000083f00000| Untracked 
|  42|0x0000000084000000, 0x0000000084000000, 0x0000000084100000|  0%| F|  |TAMS 0x0000000084000000, 0x0000000084000000| Untracked 
|  43|0x0000000084100000, 0x0000000084100000, 0x0000000084200000|  0%| F|  |TAMS 0x0000000084100000, 0x0000000084100000| Untracked 
|  44|0x0000000084200000, 0x0000000084200000, 0x0000000084300000|  0%| F|  |TAMS 0x0000000084200000, 0x0000000084200000| Untracked 
|  45|0x0000000084300000, 0x0000000084300000, 0x0000000084400000|  0%| F|  |TAMS 0x0000000084300000, 0x0000000084300000| Untracked 
|  46|0x0000000084400000, 0x0000000084400000, 0x0000000084500000|  0%| F|  |TAMS 0x0000000084400000, 0x0000000084400000| Untracked 
|  47|0x0000000084500000, 0x0000000084500000, 0x0000000084600000|  0%| F|  |TAMS 0x0000000084500000, 0x0000000084500000| Untracked 
|  48|0x0000000084600000, 0x0000000084600000, 0x0000000084700000|  0%| F|  |TAMS 0x0000000084600000, 0x0000000084600000| Untracked 
|  49|0x0000000084700000, 0x0000000084700000, 0x0000000084800000|  0%| F|  |TAMS 0x0000000084700000, 0x0000000084700000| Untracked 
|  50|0x0000000084800000, 0x0000000084800000, 0x0000000084900000|  0%| F|  |TAMS 0x0000000084800000, 0x0000000084800000| Untracked 
|  51|0x0000000084900000, 0x0000000084900000, 0x0000000084a00000|  0%| F|  |TAMS 0x0000000084900000, 0x0000000084900000| Untracked 
|  52|0x0000000084a00000, 0x0000000084a00000, 0x0000000084b00000|  0%| F|  |TAMS 0x0000000084a00000, 0x0000000084a00000| Untracked 
|  53|0x0000000084b00000, 0x0000000084b00000, 0x0000000084c00000|  0%| F|  |TAMS 0x0000000084b00000, 0x0000000084b00000| Untracked 
|  54|0x0000000084c00000, 0x0000000084c00000, 0x0000000084d00000|  0%| F|  |TAMS 0x0000000084c00000, 0x0000000084c00000| Untracked 
|  55|0x0000000084d00000, 0x0000000084d00000, 0x0000000084e00000|  0%| F|  |TAMS 0x0000000084d00000, 0x0000000084d00000| Untracked 
|  56|0x0000000084e00000, 0x0000000084e00000, 0x0000000084f00000|  0%| F|  |TAMS 0x0000000084e00000, 0x0000000084e00000| Untracked 
|  57|0x0000000084f00000, 0x0000000084f00000, 0x0000000085000000|  0%| F|  |TAMS 0x0000000084f00000, 0x0000000084f00000| Untracked 
|  58|0x0000000085000000, 0x0000000085000000, 0x0000000085100000|  0%| F|  |TAMS 0x0000000085000000, 0x0000000085000000| Untracked 
|  59|0x0000000085100000, 0x0000000085100000, 0x0000000085200000|  0%| F|  |TAMS 0x0000000085100000, 0x0000000085100000| Untracked 
|  60|0x0000000085200000, 0x0000000085200000, 0x0000000085300000|  0%| F|  |TAMS 0x0000000085200000, 0x0000000085200000| Untracked 
|  61|0x0000000085300000, 0x0000000085300000, 0x0000000085400000|  0%| F|  |TAMS 0x0000000085300000, 0x0000000085300000| Untracked 
|  62|0x0000000085400000, 0x0000000085400000, 0x0000000085500000|  0%| F|  |TAMS 0x0000000085400000, 0x0000000085400000| Untracked 
|  63|0x0000000085500000, 0x0000000085500000, 0x0000000085600000|  0%| F|  |TAMS 0x0000000085500000, 0x0000000085500000| Untracked 
|  64|0x0000000085600000, 0x0000000085600000, 0x0000000085700000|  0%| F|  |TAMS 0x0000000085600000, 0x0000000085600000| Untracked 
|  65|0x0000000085700000, 0x0000000085700000, 0x0000000085800000|  0%| F|  |TAMS 0x0000000085700000, 0x0000000085700000| Untracked 
|  66|0x0000000085800000, 0x0000000085800000, 0x0000000085900000|  0%| F|  |TAMS 0x0000000085800000, 0x0000000085800000| Untracked 
|  67|0x0000000085900000, 0x0000000085900000, 0x0000000085a00000|  0%| F|  |TAMS 0x0000000085900000, 0x0000000085900000| Untracked 
|  68|0x0000000085a00000, 0x0000000085a80800, 0x0000000085b00000| 50%| E|  |TAMS 0x0000000085a00000, 0x0000000085a00000| Complete 
|  69|0x0000000085b00000, 0x0000000085c00000, 0x0000000085c00000|100%| E|CS|TAMS 0x0000000085b00000, 0x0000000085b00000| Complete 
|  70|0x0000000085c00000, 0x0000000085d00000, 0x0000000085d00000|100%| E|CS|TAMS 0x0000000085c00000, 0x0000000085c00000| Complete 
|  71|0x0000000085d00000, 0x0000000085e00000, 0x0000000085e00000|100%| E|CS|TAMS 0x0000000085d00000, 0x0000000085d00000| Complete 
|  72|0x0000000085e00000, 0x0000000085f00000, 0x0000000085f00000|100%| E|CS|TAMS 0x0000000085e00000, 0x0000000085e00000| Complete 
|  73|0x0000000085f00000, 0x0000000086000000, 0x0000000086000000|100%| E|CS|TAMS 0x0000000085f00000, 0x0000000085f00000| Complete 
|  74|0x0000000086000000, 0x0000000086100000, 0x0000000086100000|100%| E|CS|TAMS 0x0000000086000000, 0x0000000086000000| Complete 
|  75|0x0000000086100000, 0x0000000086200000, 0x0000000086200000|100%| E|CS|TAMS 0x0000000086100000, 0x0000000086100000| Complete 
|  76|0x0000000086200000, 0x0000000086300000, 0x0000000086300000|100%| E|CS|TAMS 0x0000000086200000, 0x0000000086200000| Complete 
|  77|0x0000000086300000, 0x0000000086400000, 0x0000000086400000|100%| E|CS|TAMS 0x0000000086300000, 0x0000000086300000| Complete 
|  78|0x0000000086400000, 0x0000000086500000, 0x0000000086500000|100%| E|CS|TAMS 0x0000000086400000, 0x0000000086400000| Complete 
|  79|0x0000000086500000, 0x0000000086600000, 0x0000000086600000|100%| E|CS|TAMS 0x0000000086500000, 0x0000000086500000| Complete 
|  80|0x0000000086600000, 0x0000000086700000, 0x0000000086700000|100%| E|CS|TAMS 0x0000000086600000, 0x0000000086600000| Complete 
|  81|0x0000000086700000, 0x0000000086800000, 0x0000000086800000|100%| E|CS|TAMS 0x0000000086700000, 0x0000000086700000| Complete 
|  82|0x0000000086800000, 0x0000000086900000, 0x0000000086900000|100%| E|CS|TAMS 0x0000000086800000, 0x0000000086800000| Complete 
|  83|0x0000000086900000, 0x0000000086a00000, 0x0000000086a00000|100%| E|CS|TAMS 0x0000000086900000, 0x0000000086900000| Complete 
|  84|0x0000000086a00000, 0x0000000086b00000, 0x0000000086b00000|100%| E|CS|TAMS 0x0000000086a00000, 0x0000000086a00000| Complete 
|  85|0x0000000086b00000, 0x0000000086bffd30, 0x0000000086c00000| 99%| E|  |TAMS 0x0000000086b00000, 0x0000000086b00000| Complete 
|  86|0x0000000086c00000, 0x0000000086d00000, 0x0000000086d00000|100%| E|CS|TAMS 0x0000000086c00000, 0x0000000086c00000| Complete 
|  87|0x0000000086d00000, 0x0000000086e00000, 0x0000000086e00000|100%| E|CS|TAMS 0x0000000086d00000, 0x0000000086d00000| Complete 
|  88|0x0000000086e00000, 0x0000000086f00000, 0x0000000086f00000|100%| E|CS|TAMS 0x0000000086e00000, 0x0000000086e00000| Complete 
|  89|0x0000000086f00000, 0x0000000087000000, 0x0000000087000000|100%| E|CS|TAMS 0x0000000086f00000, 0x0000000086f00000| Complete 
|  90|0x0000000087000000, 0x0000000087100000, 0x0000000087100000|100%| E|CS|TAMS 0x0000000087000000, 0x0000000087000000| Complete 
|  91|0x0000000087100000, 0x0000000087200000, 0x0000000087200000|100%| E|CS|TAMS 0x0000000087100000, 0x0000000087100000| Complete 
|  92|0x0000000087200000, 0x0000000087300000, 0x0000000087300000|100%| E|CS|TAMS 0x0000000087200000, 0x0000000087200000| Complete 
|  93|0x0000000087300000, 0x0000000087400000, 0x0000000087400000|100%| E|CS|TAMS 0x0000000087300000, 0x0000000087300000| Complete 
|  94|0x0000000087400000, 0x0000000087500000, 0x0000000087500000|100%| E|CS|TAMS 0x0000000087400000, 0x0000000087400000| Complete 
|  95|0x0000000087500000, 0x0000000087600000, 0x0000000087600000|100%| E|CS|TAMS 0x0000000087500000, 0x0000000087500000| Complete 
|  96|0x0000000087600000, 0x0000000087700000, 0x0000000087700000|100%| E|CS|TAMS 0x0000000087600000, 0x0000000087600000| Complete 
|  97|0x0000000087700000, 0x0000000087800000, 0x0000000087800000|100%| E|CS|TAMS 0x0000000087700000, 0x0000000087700000| Complete 
|  98|0x0000000087800000, 0x0000000087900000, 0x0000000087900000|100%| E|CS|TAMS 0x0000000087800000, 0x0000000087800000| Complete 
|  99|0x0000000087900000, 0x0000000087a00000, 0x0000000087a00000|100%| E|CS|TAMS 0x0000000087900000, 0x0000000087900000| Complete 
| 100|0x0000000087a00000, 0x0000000087b00000, 0x0000000087b00000|100%| E|CS|TAMS 0x0000000087a00000, 0x0000000087a00000| Complete 
| 101|0x0000000087b00000, 0x0000000087c00000, 0x0000000087c00000|100%| E|CS|TAMS 0x0000000087b00000, 0x0000000087b00000| Complete 
| 102|0x0000000087c00000, 0x0000000087d00000, 0x0000000087d00000|100%| E|CS|TAMS 0x0000000087c00000, 0x0000000087c00000| Complete 
| 103|0x0000000087d00000, 0x0000000087e00000, 0x0000000087e00000|100%| E|CS|TAMS 0x0000000087d00000, 0x0000000087d00000| Complete 
| 104|0x0000000087e00000, 0x0000000087f00000, 0x0000000087f00000|100%| E|CS|TAMS 0x0000000087e00000, 0x0000000087e00000| Complete 
| 105|0x0000000087f00000, 0x0000000088000000, 0x0000000088000000|100%| E|CS|TAMS 0x0000000087f00000, 0x0000000087f00000| Complete 
| 106|0x0000000088000000, 0x0000000088100000, 0x0000000088100000|100%| E|CS|TAMS 0x0000000088000000, 0x0000000088000000| Complete 
| 107|0x0000000088100000, 0x0000000088200000, 0x0000000088200000|100%| E|CS|TAMS 0x0000000088100000, 0x0000000088100000| Complete 
| 108|0x0000000088200000, 0x0000000088300000, 0x0000000088300000|100%| E|CS|TAMS 0x0000000088200000, 0x0000000088200000| Complete 
| 109|0x0000000088300000, 0x0000000088400000, 0x0000000088400000|100%| E|CS|TAMS 0x0000000088300000, 0x0000000088300000| Complete 
| 110|0x0000000088400000, 0x0000000088500000, 0x0000000088500000|100%| E|CS|TAMS 0x0000000088400000, 0x0000000088400000| Complete 
| 111|0x0000000088500000, 0x0000000088600000, 0x0000000088600000|100%| E|CS|TAMS 0x0000000088500000, 0x0000000088500000| Complete 
| 127|0x0000000089500000, 0x0000000089600000, 0x0000000089600000|100%| E|CS|TAMS 0x0000000089500000, 0x0000000089500000| Complete 

Card table byte_map: [0x0000021d7cf50000,0x0000021d7d350000] _byte_map_base: 0x0000021d7cb45000

Marking Bits (Prev, Next): (CMBitMap*) 0x0000021d660f56d0, (CMBitMap*) 0x0000021d660f5690
 Prev Bits: [0x0000021d00000000, 0x0000021d01fa8000)
 Next Bits: [0x0000021d7d750000, 0x0000021d7f6f8000)

Polling page: 0x0000021d63e90000

Metaspace:

Usage:
  Non-class:     25.10 MB used.
      Class:      3.50 MB used.
       Both:     28.60 MB used.

Virtual space:
  Non-class space:       32.00 MB reserved,      25.25 MB ( 79%) committed,  4 nodes.
      Class space:        1.00 GB reserved,       3.69 MB ( <1%) committed,  1 nodes.
              Both:        1.03 GB reserved,      28.94 MB (  3%) committed. 

Chunk freelists:
   Non-Class:  1.81 MB
       Class:  240.00 KB
        Both:  2.05 MB

MaxMetaspaceSize: 17179869184.00 GB
CompressedClassSpaceSize: 1.00 GB
 - commit_granule_bytes: 65536.
 - commit_granule_words: 8192.
 - virtual_space_node_default_size: 1048576.
 - enlarge_chunks_in_place: 1.
 - new_chunks_are_fully_committed: 0.
 - uncommit_free_chunks: 1.
 - use_allocation_guard: 0.
 - handle_deallocations: 1.


Internal statistics:

num_allocs_failed_limit: 3.
num_arena_births: 334.
num_arena_deaths: 0.
num_vsnodes_births: 5.
num_vsnodes_deaths: 0.
num_space_committed: 463.
num_space_uncommitted: 0.
num_chunks_returned_to_freelist: 3.
num_chunks_taken_from_freelist: 1337.
num_chunk_merges: 3.
num_chunk_splits: 900.
num_chunks_enlarged: 665.
num_purges: 0.

CodeHeap 'non-profiled nmethods': size=120000Kb used=2155Kb max_used=2155Kb free=117844Kb
 bounds [0x0000021d752f0000, 0x0000021d75560000, 0x0000021d7c820000]
CodeHeap 'profiled nmethods': size=120000Kb used=9010Kb max_used=9010Kb free=110989Kb
 bounds [0x0000021d6ddc0000, 0x0000021d6e690000, 0x0000021d752f0000]
CodeHeap 'non-nmethods': size=5760Kb used=1220Kb max_used=1347Kb free=4539Kb
 bounds [0x0000021d6d820000, 0x0000021d6da90000, 0x0000021d6ddc0000]
 total_blobs=4589 nmethods=4071 adapters=430
 compilation: enabled
              stopped_count=0, restarted_count=0
 full_count=0

Compilation events (20 events):
Event: 3.004 Thread 0x0000021d04165c10 nmethod 4063 0x0000021d6e680190 code [0x0000021d6e680340, 0x0000021d6e6805c8]
Event: 3.004 Thread 0x0000021d04165c10 4064       2       org.springframework.boot.context.properties.bind.AbstractBindHandler::onStart (13 bytes)
Event: 3.005 Thread 0x0000021d04165c10 nmethod 4064 0x0000021d6e680710 code [0x0000021d6e6808c0, 0x0000021d6e6809e8]
Event: 3.005 Thread 0x0000021d04165c10 4065       2       org.springframework.boot.context.properties.source.SystemEnvironmentPropertyMapper::convertName (62 bytes)
Event: 3.005 Thread 0x0000021d04165c10 nmethod 4065 0x0000021d6e680a90 code [0x0000021d6e680ca0, 0x0000021d6e681078]
Event: 3.005 Thread 0x0000021d04165c10 4066       2       org.springframework.boot.context.properties.source.SystemEnvironmentPropertyMapper::convertLegacyName (60 bytes)
Event: 3.005 Thread 0x0000021d04165c10 nmethod 4066 0x0000021d6e681310 code [0x0000021d6e681540, 0x0000021d6e681998]
Event: 3.005 Thread 0x0000021d04165c10 4067       1       org.apache.catalina.core.StandardContext::getTldValidation (5 bytes)
Event: 3.006 Thread 0x0000021d04165c10 nmethod 4067 0x0000021d75505690 code [0x0000021d75505820, 0x0000021d755058f8]
Event: 3.006 Thread 0x0000021d04165c10 4068       1       org.apache.catalina.core.StandardContext::getXmlBlockExternal (5 bytes)
Event: 3.006 Thread 0x0000021d04165c10 nmethod 4068 0x0000021d75505990 code [0x0000021d75505b20, 0x0000021d75505bf8]
Event: 3.009 Thread 0x0000021d04165c10 4069       2       org.springframework.core.BridgeMethodResolver$$Lambda$486/0x0000000800f0cda0::matches (9 bytes)
Event: 3.009 Thread 0x0000021d04165c10 nmethod 4069 0x0000021d6e681c90 code [0x0000021d6e681e40, 0x0000021d6e681f68]
Event: 3.009 Thread 0x0000021d04165c10 4070       2       org.springframework.core.BridgeMethodResolver::lambda$findBridgedMethod$0 (6 bytes)
Event: 3.009 Thread 0x0000021d04165c10 nmethod 4070 0x0000021d6e682010 code [0x0000021d6e6821c0, 0x0000021d6e6822c8]
Event: 3.013 Thread 0x0000021d04165c10 4071       2       java.util.concurrent.ConcurrentHashMap::get (162 bytes)
Event: 3.014 Thread 0x0000021d04165c10 nmethod 4071 0x0000021d6e682390 code [0x0000021d6e6825a0, 0x0000021d6e682ae8]
Event: 3.014 Thread 0x0000021d04165c10 4072       2       org.springframework.beans.factory.InjectionPoint::obtainMethodParameter (22 bytes)
Event: 3.014 Thread 0x0000021d04165c10 nmethod 4072 0x0000021d6e682d90 code [0x0000021d6e682f40, 0x0000021d6e683128]
Event: 3.015 Thread 0x0000021d04165c10 4073       2       java.lang.reflect.Constructor::getParameterTypes (11 bytes)

GC Heap History (16 events):
Event: 0.411 GC heap before
{Heap before GC invocations=0 (full 0):
 garbage-first heap   total 131072K, used 23552K [0x0000000081600000, 0x0000000100000000)
  region size 1024K, 23 young (23552K), 0 survivors (0K)
 Metaspace       used 5041K, committed 5248K, reserved 1056768K
  class space    used 520K, committed 640K, reserved 1048576K
}
Event: 0.415 GC heap after
{Heap after GC invocations=1 (full 0):
 garbage-first heap   total 131072K, used 6601K [0x0000000081600000, 0x0000000100000000)
  region size 1024K, 3 young (3072K), 3 survivors (3072K)
 Metaspace       used 5041K, committed 5248K, reserved 1056768K
  class space    used 520K, committed 640K, reserved 1048576K
}
Event: 0.419 GC heap before
{Heap before GC invocations=1 (full 0):
 garbage-first heap   total 131072K, used 35273K [0x0000000081600000, 0x0000000100000000)
  region size 1024K, 32 young (32768K), 3 survivors (3072K)
 Metaspace       used 5041K, committed 5248K, reserved 1056768K
  class space    used 520K, committed 640K, reserved 1048576K
}
Event: 0.421 GC heap after
{Heap after GC invocations=2 (full 0):
 garbage-first heap   total 131072K, used 6875K [0x0000000081600000, 0x0000000100000000)
  region size 1024K, 1 young (1024K), 1 survivors (1024K)
 Metaspace       used 5041K, committed 5248K, reserved 1056768K
  class space    used 520K, committed 640K, reserved 1048576K
}
Event: 1.464 GC heap before
{Heap before GC invocations=2 (full 0):
 garbage-first heap   total 131072K, used 83675K [0x0000000081600000, 0x0000000100000000)
  region size 1024K, 76 young (77824K), 1 survivors (1024K)
 Metaspace       used 17413K, committed 17664K, reserved 1064960K
  class space    used 2068K, committed 2176K, reserved 1048576K
}
Event: 1.469 GC heap after
{Heap after GC invocations=3 (full 0):
 garbage-first heap   total 131072K, used 11583K [0x0000000081600000, 0x0000000100000000)
  region size 1024K, 5 young (5120K), 5 survivors (5120K)
 Metaspace       used 17413K, committed 17664K, reserved 1064960K
  class space    used 2068K, committed 2176K, reserved 1048576K
}
Event: 2.044 GC heap before
{Heap before GC invocations=3 (full 0):
 garbage-first heap   total 131072K, used 79167K [0x0000000081600000, 0x0000000100000000)
  region size 1024K, 73 young (74752K), 5 survivors (5120K)
 Metaspace       used 20973K, committed 21248K, reserved 1073152K
  class space    used 2504K, committed 2624K, reserved 1048576K
}
Event: 2.047 GC heap after
{Heap after GC invocations=4 (full 0):
 garbage-first heap   total 131072K, used 13260K [0x0000000081600000, 0x0000000100000000)
  region size 1024K, 7 young (7168K), 7 survivors (7168K)
 Metaspace       used 20973K, committed 21248K, reserved 1073152K
  class space    used 2504K, committed 2624K, reserved 1048576K
}
Event: 2.555 GC heap before
{Heap before GC invocations=5 (full 0):
 garbage-first heap   total 51200K, used 36812K [0x0000000081600000, 0x0000000100000000)
  region size 1024K, 30 young (30720K), 7 survivors (7168K)
 Metaspace       used 24910K, committed 25216K, reserved 1073152K
  class space    used 3079K, committed 3200K, reserved 1048576K
}
Event: 2.562 GC heap after
{Heap after GC invocations=6 (full 0):
 garbage-first heap   total 51200K, used 15211K [0x0000000081600000, 0x0000000100000000)
  region size 1024K, 4 young (4096K), 4 survivors (4096K)
 Metaspace       used 24910K, committed 25216K, reserved 1073152K
  class space    used 3079K, committed 3200K, reserved 1048576K
}
Event: 2.790 GC heap before
{Heap before GC invocations=6 (full 0):
 garbage-first heap   total 51200K, used 35691K [0x0000000081600000, 0x0000000100000000)
  region size 1024K, 25 young (25600K), 4 survivors (4096K)
 Metaspace       used 27093K, committed 27392K, reserved 1073152K
  class space    used 3340K, committed 3456K, reserved 1048576K
}
Event: 2.794 GC heap after
{Heap after GC invocations=7 (full 0):
 garbage-first heap   total 51200K, used 16955K [0x0000000081600000, 0x0000000100000000)
  region size 1024K, 2 young (2048K), 2 survivors (2048K)
 Metaspace       used 27093K, committed 27392K, reserved 1073152K
  class space    used 3340K, committed 3456K, reserved 1048576K
}
Event: 2.797 GC heap before
{Heap before GC invocations=7 (full 0):
 garbage-first heap   total 51200K, used 36411K [0x0000000081600000, 0x0000000100000000)
  region size 1024K, 22 young (22528K), 2 survivors (2048K)
 Metaspace       used 27093K, committed 27392K, reserved 1073152K
  class space    used 3340K, committed 3456K, reserved 1048576K
}
Event: 2.798 GC heap after
{Heap after GC invocations=8 (full 0):
 garbage-first heap   total 51200K, used 16703K [0x0000000081600000, 0x0000000100000000)
  region size 1024K, 2 young (2048K), 2 survivors (2048K)
 Metaspace       used 27093K, committed 27392K, reserved 1073152K
  class space    used 3340K, committed 3456K, reserved 1048576K
}
Event: 2.865 GC heap before
{Heap before GC invocations=8 (full 0):
 garbage-first heap   total 51200K, used 37183K [0x0000000081600000, 0x0000000100000000)
  region size 1024K, 23 young (23552K), 2 survivors (2048K)
 Metaspace       used 27764K, committed 28096K, reserved 1073152K
  class space    used 3399K, committed 3584K, reserved 1048576K
}
Event: 2.867 GC heap after
{Heap after GC invocations=9 (full 0):
 garbage-first heap   total 115712K, used 17150K [0x0000000081600000, 0x0000000100000000)
  region size 1024K, 2 young (2048K), 2 survivors (2048K)
 Metaspace       used 27764K, committed 28096K, reserved 1073152K
  class space    used 3399K, committed 3584K, reserved 1048576K
}

Deoptimization events (20 events):
Event: 2.929 Thread 0x0000021d0557bc20 DEOPT PACKING pc=0x0000021d6e598db8 sp=0x000000d504cfbac0
Event: 2.929 Thread 0x0000021d0557bc20 DEOPT UNPACKING pc=0x0000021d6d86dece sp=0x000000d504cfafd8 mode 0
Event: 2.956 Thread 0x0000021d0557bc20 DEOPT PACKING pc=0x0000021d6e63f9ee sp=0x000000d504cfc270
Event: 2.956 Thread 0x0000021d0557bc20 DEOPT UNPACKING pc=0x0000021d6d86dece sp=0x000000d504cfb738 mode 0
Event: 2.956 Thread 0x0000021d0557bc20 DEOPT PACKING pc=0x0000021d6e63f9ee sp=0x000000d504cfc270
Event: 2.956 Thread 0x0000021d0557bc20 DEOPT UNPACKING pc=0x0000021d6d86dece sp=0x000000d504cfb738 mode 0
Event: 2.967 Thread 0x0000021d0557bc20 DEOPT PACKING pc=0x0000021d6e598db8 sp=0x000000d504cf9730
Event: 2.967 Thread 0x0000021d0557bc20 DEOPT UNPACKING pc=0x0000021d6d86dece sp=0x000000d504cf8c48 mode 0
Event: 2.969 Thread 0x0000021d07ebeee0 DEOPT PACKING pc=0x0000021d6e1b3e31 sp=0x000000d5052ff190
Event: 2.969 Thread 0x0000021d07ebeee0 DEOPT UNPACKING pc=0x0000021d6d86dece sp=0x000000d5052fe5e8 mode 3
Event: 2.969 Thread 0x0000021d07ebd9a0 DEOPT PACKING pc=0x0000021d6e184902 sp=0x000000d5053fede0
Event: 2.969 Thread 0x0000021d07ebd9a0 DEOPT UNPACKING pc=0x0000021d6d86dece sp=0x000000d5053fe278 mode 3
Event: 2.998 Thread 0x0000021d0557bc20 Uncommon trap: trap_request=0xffffffde fr.pc=0x0000021d754c1ab4 relative=0x0000000000000354
Event: 2.998 Thread 0x0000021d0557bc20 Uncommon trap: reason=class_check action=maybe_recompile pc=0x0000021d754c1ab4 method=java.lang.StringConcatHelper.stringOf(Ljava/lang/Object;)Ljava/lang/String; @ 5 c2
Event: 2.998 Thread 0x0000021d0557bc20 DEOPT PACKING pc=0x0000021d754c1ab4 sp=0x000000d504cfa250
Event: 2.998 Thread 0x0000021d0557bc20 DEOPT UNPACKING pc=0x0000021d6d86d72e sp=0x000000d504cfa190 mode 2
Event: 3.012 Thread 0x0000021d0557bc20 Uncommon trap: trap_request=0xffffff45 fr.pc=0x0000021d753e68b0 relative=0x0000000000000190
Event: 3.012 Thread 0x0000021d0557bc20 Uncommon trap: reason=unstable_if action=reinterpret pc=0x0000021d753e68b0 method=java.util.concurrent.ConcurrentHashMap.get(Ljava/lang/Object;)Ljava/lang/Object; @ 152 c2
Event: 3.012 Thread 0x0000021d0557bc20 DEOPT PACKING pc=0x0000021d753e68b0 sp=0x000000d504cfbf60
Event: 3.012 Thread 0x0000021d0557bc20 DEOPT UNPACKING pc=0x0000021d6d86d72e sp=0x000000d504cfbec8 mode 2

Classes unloaded (0 events):
No events

Classes redefined (0 events):
No events

Internal exceptions (20 events):
Event: 2.393 Thread 0x0000021d0557bc20 Exception <a 'java/lang/ClassNotFoundException'{0x0000000083012cb8}: java/lang/ObjectCustomizer> (0x0000000083012cb8) 
thrown [t:\workspace\open\src\hotspot\share\classfile\systemDictionary.cpp, line 256]
Event: 2.393 Thread 0x0000021d0557bc20 Exception <a 'java/lang/ClassNotFoundException'{0x000000008301ad88}: org/springframework/transaction/annotation/AbstractTransactionManagementConfigurationCustomizer> (0x000000008301ad88) 
thrown [t:\workspace\open\src\hotspot\share\classfile\systemDictionary.cpp, line 256]
Event: 2.394 Thread 0x0000021d0557bc20 Exception <a 'java/lang/ClassNotFoundException'{0x0000000083021ed8}: org/springframework/transaction/annotation/ProxyTransactionManagementConfigurationCustomizer> (0x0000000083021ed8) 
thrown [t:\workspace\open\src\hotspot\share\classfile\systemDictionary.cpp, line 256]
Event: 2.394 Thread 0x0000021d0557bc20 Exception <a 'java/lang/ClassNotFoundException'{0x000000008302a128}: org/springframework/context/annotation/ImportAwareCustomizer> (0x000000008302a128) 
thrown [t:\workspace\open\src\hotspot\share\classfile\systemDictionary.cpp, line 256]
Event: 2.394 Thread 0x0000021d0557bc20 Exception <a 'java/lang/ClassNotFoundException'{0x000000008302f3d0}: org/springframework/beans/factory/AwareCustomizer> (0x000000008302f3d0) 
thrown [t:\workspace\open\src\hotspot\share\classfile\systemDictionary.cpp, line 256]
Event: 2.439 Thread 0x0000021d0557bc20 Exception <a 'java/lang/NoSuchMethodError'{0x0000000082e238c8}: 'java.lang.Object java.lang.invoke.DirectMethodHandle$Holder.invokeSpecialIFC(java.lang.Object, java.lang.Object, java.lang.Object)'> (0x0000000082e238c8) 
thrown [t:\workspace\open\src\hotspot\share\interpreter\linkResolver.cpp, line 790]
Event: 2.468 Thread 0x0000021d0557bc20 Exception <a 'java/lang/NoSuchMethodError'{0x0000000082d56f20}: 'int java.lang.invoke.DirectMethodHandle$Holder.invokeSpecial(java.lang.Object, java.lang.Object, java.lang.Object, java.lang.Object, java.lang.Object)'> (0x0000000082d56f20) 
thrown [t:\workspace\open\src\hotspot\share\interpreter\linkResolver.cpp, line 790]
Event: 2.503 Thread 0x0000021d0557bc20 Implicit null exception at 0x0000021d75497897 to 0x0000021d75497d54
Event: 2.524 Thread 0x0000021d0557bc20 Implicit null exception at 0x0000021d754777e0 to 0x0000021d75477a38
Event: 2.546 Thread 0x0000021d0557bc20 Exception <a 'java/lang/NoSuchMethodError'{0x0000000082a9a8c0}: 'void java.lang.invoke.DirectMethodHandle$Holder.invokeInterface(java.lang.Object, java.lang.Object, int)'> (0x0000000082a9a8c0) 
thrown [t:\workspace\open\src\hotspot\share\interpreter\linkResolver.cpp, line 790]
Event: 2.548 Thread 0x0000021d0557bc20 Exception <a 'java/lang/NoSuchMethodError'{0x0000000082ab5940}: 'int java.lang.invoke.DirectMethodHandle$Holder.invokeVirtual(java.lang.Object, java.lang.Object)'> (0x0000000082ab5940) 
thrown [t:\workspace\open\src\hotspot\share\interpreter\linkResolver.cpp, line 790]
Event: 2.553 Thread 0x0000021d0557bc20 Exception <a 'java/lang/IncompatibleClassChangeError'{0x0000000082af0f28}: Found class java.lang.Object, but interface was expected> (0x0000000082af0f28) 
thrown [t:\workspace\open\src\hotspot\share\interpreter\linkResolver.cpp, line 857]
Event: 2.554 Thread 0x0000021d0557bc20 Exception <a 'java/lang/NoSuchMethodError'{0x0000000082af6360}: 'void java.lang.invoke.DirectMethodHandle$Holder.invokeStatic(java.lang.Object, int, java.lang.Object)'> (0x0000000082af6360) 
thrown [t:\workspace\open\src\hotspot\share\interpreter\linkResolver.cpp, line 790]
Event: 2.565 Thread 0x0000021d0557bc20 Exception <a 'java/lang/NoSuchMethodError'{0x0000000089526af8}: 'int java.lang.invoke.DirectMethodHandle$Holder.invokeSpecial(java.lang.Object, java.lang.Object, int)'> (0x0000000089526af8) 
thrown [t:\workspace\open\src\hotspot\share\interpreter\linkResolver.cpp, line 790]
Event: 2.647 Thread 0x0000021d0557bc20 Exception <a 'java/lang/NoSuchMethodError'{0x0000000084fef9e8}: 'java.lang.Object java.lang.invoke.DirectMethodHandle$Holder.invokeStaticInit(java.lang.Object, int, int, int, int)'> (0x0000000084fef9e8) 
thrown [t:\workspace\open\src\hotspot\share\interpreter\linkResolver.cpp, line 790]
Event: 2.676 Thread 0x0000021d0557bc20 Exception <a 'java/lang/NoSuchMethodError'{0x0000000084eaca10}: 'java.lang.Object java.lang.invoke.DirectMethodHandle$Holder.invokeStaticInit(java.lang.Object, java.lang.Object, int, int, int, int)'> (0x0000000084eaca10) 
thrown [t:\workspace\open\src\hotspot\share\interpreter\linkResolver.cpp, line 790]
Event: 2.909 Thread 0x0000021d0557bc20 Exception <a 'java/io/FileNotFoundException'{0x00000000865a9cc0}> (0x00000000865a9cc0) 
thrown [t:\workspace\open\src\hotspot\share\prims\jni.cpp, line 579]
Event: 2.926 Thread 0x0000021d0557bc20 Exception <a 'java/lang/NoSuchMethodError'{0x0000000086340e58}: 'int java.lang.invoke.DirectMethodHandle$Holder.invokeInterface(java.lang.Object, java.lang.Object, java.lang.Object, java.lang.Object)'> (0x0000000086340e58) 
thrown [t:\workspace\open\src\hotspot\share\interpreter\linkResolver.cpp, line 790]
Event: 2.930 Thread 0x0000021d0557bc20 Exception <a 'java/lang/NoClassDefFoundError'{0x0000000086377720}: org/apache/log4j/Priority> (0x0000000086377720) 
thrown [t:\workspace\open\src\hotspot\share\classfile\systemDictionary.cpp, line 245]
Event: 2.963 Thread 0x0000021d0557bc20 Exception <a 'java/io/FileNotFoundException'{0x000000008614f3f8}> (0x000000008614f3f8) 
thrown [t:\workspace\open\src\hotspot\share\prims\jni.cpp, line 579]

Events (20 events):
Event: 2.967 loading class java/util/concurrent/Executors$RunnableAdapter done
Event: 2.967 loading class java/util/concurrent/ThreadPoolExecutor$Worker
Event: 2.967 loading class java/util/concurrent/ThreadPoolExecutor$Worker done
Event: 2.968 loading class java/lang/Thread$State
Event: 2.968 loading class java/lang/Thread$State done
Event: 2.968 Thread 0x0000021d07ebeee0 Thread added: 0x0000021d07ebeee0
Event: 2.968 loading class java/util/concurrent/TimeUnit$1
Event: 2.968 loading class java/util/concurrent/TimeUnit$1 done
Event: 2.968 Thread 0x0000021d07ebd9a0 Thread added: 0x0000021d07ebd9a0
Event: 2.968 loading class java/util/concurrent/locks/AbstractQueuedSynchronizer$ConditionNode
Event: 2.968 loading class java/util/concurrent/ForkJoinPool$ManagedBlocker
Event: 2.969 loading class java/util/concurrent/ForkJoinPool$ManagedBlocker done
Event: 2.969 loading class java/util/concurrent/locks/AbstractQueuedSynchronizer$ExclusiveNode
Event: 2.969 loading class java/util/concurrent/locks/AbstractQueuedSynchronizer$Node
Event: 2.969 loading class java/util/concurrent/locks/AbstractQueuedSynchronizer$Node done
Event: 2.969 loading class java/util/concurrent/locks/AbstractQueuedSynchronizer$ConditionNode done
Event: 2.969 loading class java/util/concurrent/locks/AbstractQueuedSynchronizer$ExclusiveNode done
Event: 2.971 Thread 0x0000021d07ebc460 Thread added: 0x0000021d07ebc460
Event: 2.997 loading class java/util/logging/FileHandler
Event: 2.997 loading class java/util/logging/FileHandler done


Dynamic libraries:
0x00007ff723230000 - 0x00007ff723240000 	C:\Program Files\Java\jdk-16.0.1\bin\javaw.exe
0x00007ffaa4a70000 - 0x00007ffaa4c50000 	C:\Windows\SYSTEM32\ntdll.dll
0x00007ffaa3fd0000 - 0x00007ffaa407e000 	C:\Windows\System32\KERNEL32.DLL
0x00007ffaa1a10000 - 0x00007ffaa1c76000 	C:\Windows\System32\KERNELBASE.dll
0x00007ffaa1860000 - 0x00007ffaa1956000 	C:\Windows\System32\ucrtbase.dll
0x00007ffa9f1f0000 - 0x00007ffa9f209000 	C:\Program Files\Java\jdk-16.0.1\bin\VCRUNTIME140.dll
0x00007ffa9a220000 - 0x00007ffa9a238000 	C:\Program Files\Java\jdk-16.0.1\bin\jli.dll
0x00007ffaa3de0000 - 0x00007ffaa3e81000 	C:\Windows\System32\ADVAPI32.dll
0x00007ffaa43b0000 - 0x00007ffaa444d000 	C:\Windows\System32\msvcrt.dll
0x00007ffaa4460000 - 0x00007ffaa44bb000 	C:\Windows\System32\sechost.dll
0x00007ffaa1fc0000 - 0x00007ffaa20df000 	C:\Windows\System32\RPCRT4.dll
0x00007ffaa2450000 - 0x00007ffaa25de000 	C:\Windows\System32\USER32.dll
0x00007ffaa1c80000 - 0x00007ffaa1ca0000 	C:\Windows\System32\win32u.dll
0x00007ffa8f810000 - 0x00007ffa8fa79000 	C:\Windows\WinSxS\amd64_microsoft.windows.common-controls_6595b64144ccf1df_6.0.16299.15_none_cc92fb402215d91d\COMCTL32.dll
0x00007ffaa3fa0000 - 0x00007ffaa3fc8000 	C:\Windows\System32\GDI32.dll
0x00007ffaa20e0000 - 0x00007ffaa23e8000 	C:\Windows\System32\combase.dll
0x00007ffaa0f70000 - 0x00007ffaa1101000 	C:\Windows\System32\gdi32full.dll
0x00007ffaa0ed0000 - 0x00007ffaa0f6b000 	C:\Windows\System32\msvcp_win.dll
0x00007ffaa1ca0000 - 0x00007ffaa1d12000 	C:\Windows\System32\bcryptPrimitives.dll
0x00007ffa9cea0000 - 0x00007ffa9ceaa000 	C:\Windows\SYSTEM32\VERSION.dll
0x00007ffaa2690000 - 0x00007ffaa26bd000 	C:\Windows\System32\IMM32.DLL
0x00007ffa9f1e0000 - 0x00007ffa9f1ec000 	C:\Program Files\Java\jdk-16.0.1\bin\vcruntime140_1.dll
0x00007ffa824d0000 - 0x00007ffa82561000 	C:\Program Files\Java\jdk-16.0.1\bin\msvcp140.dll
0x00007ffa34d00000 - 0x00007ffa358ab000 	C:\Program Files\Java\jdk-16.0.1\bin\server\jvm.dll
0x00007ffaa43a0000 - 0x00007ffaa43a8000 	C:\Windows\System32\PSAPI.DLL
0x00007ffa9f0f0000 - 0x00007ffa9f113000 	C:\Windows\SYSTEM32\WINMM.dll
0x00007ffa8a210000 - 0x00007ffa8a219000 	C:\Windows\SYSTEM32\WSOCK32.dll
0x00007ffaa3d10000 - 0x00007ffaa3d7c000 	C:\Windows\System32\WS2_32.dll
0x00007ffa9f020000 - 0x00007ffa9f04a000 	C:\Windows\SYSTEM32\winmmbase.dll
0x00007ffaa1d20000 - 0x00007ffaa1d6a000 	C:\Windows\System32\cfgmgr32.dll
0x00007ffaa0e10000 - 0x00007ffaa0e21000 	C:\Windows\System32\kernel.appcore.dll
0x00007ffa9aad0000 - 0x00007ffa9aada000 	C:\Program Files\Java\jdk-16.0.1\bin\jimage.dll
0x00007ffa8a780000 - 0x00007ffa8a948000 	C:\Windows\SYSTEM32\DBGHELP.DLL
0x00007ffa8a1b0000 - 0x00007ffa8a1d9000 	C:\Windows\SYSTEM32\dbgcore.DLL
0x00007ffa9a1f0000 - 0x00007ffa9a215000 	C:\Program Files\Java\jdk-16.0.1\bin\java.dll
0x00007ffaa26c0000 - 0x00007ffaa3af7000 	C:\Windows\System32\SHELL32.dll
0x00007ffaa25e0000 - 0x00007ffaa2686000 	C:\Windows\System32\shcore.dll
0x00007ffaa1110000 - 0x00007ffaa1857000 	C:\Windows\System32\windows.storage.dll
0x00007ffaa4590000 - 0x00007ffaa45e1000 	C:\Windows\System32\shlwapi.dll
0x00007ffaa0dc0000 - 0x00007ffaa0e0c000 	C:\Windows\System32\powrprof.dll
0x00007ffaa0e30000 - 0x00007ffaa0e4b000 	C:\Windows\System32\profapi.dll
0x00007ffa9a1b0000 - 0x00007ffa9a1c9000 	C:\Program Files\Java\jdk-16.0.1\bin\net.dll
0x00007ffa9c8c0000 - 0x00007ffa9c99e000 	C:\Windows\SYSTEM32\WINHTTP.dll
0x00007ffaa0650000 - 0x00007ffaa06b6000 	C:\Windows\system32\mswsock.dll
0x00007ffa9a190000 - 0x00007ffa9a1a3000 	C:\Program Files\Java\jdk-16.0.1\bin\nio.dll
0x00007ffa9a1d0000 - 0x00007ffa9a1e8000 	C:\Program Files\Java\jdk-16.0.1\bin\zip.dll
0x00007ffa91720000 - 0x00007ffa91730000 	C:\Program Files\Java\jdk-16.0.1\bin\verify.dll
0x00007ffa8eae0000 - 0x00007ffa8eae9000 	C:\Program Files\Java\jdk-16.0.1\bin\management.dll
0x00007ffa8c990000 - 0x00007ffa8c99b000 	C:\Program Files\Java\jdk-16.0.1\bin\management_ext.dll
0x00007ffa90090000 - 0x00007ffa900a6000 	C:\Windows\system32\napinsp.dll
0x00007ffa90070000 - 0x00007ffa9008a000 	C:\Windows\system32\pnrpnsp.dll
0x00007ffa9e980000 - 0x00007ffa9e998000 	C:\Windows\system32\NLAapi.dll
0x00007ffaa0420000 - 0x00007ffaa04d6000 	C:\Windows\SYSTEM32\DNSAPI.dll
0x00007ffaa4450000 - 0x00007ffaa4458000 	C:\Windows\System32\NSI.dll
0x00007ffaa03e0000 - 0x00007ffaa0419000 	C:\Windows\SYSTEM32\IPHLPAPI.DLL
0x00007ffa9f150000 - 0x00007ffa9f15e000 	C:\Windows\System32\winrnr.dll
0x00007ffa76630000 - 0x00007ffa76645000 	C:\Windows\System32\wshbth.dll
0x00007ffa945e0000 - 0x00007ffa945ea000 	C:\Windows\System32\rasadhlp.dll
0x00007ffa972d0000 - 0x00007ffa97340000 	C:\Windows\System32\fwpuclnt.dll
0x00007ffaa0920000 - 0x00007ffaa0945000 	C:\Windows\SYSTEM32\bcrypt.dll
0x00007ffaa0810000 - 0x00007ffaa0827000 	C:\Windows\SYSTEM32\CRYPTSP.dll
0x00007ffaa0260000 - 0x00007ffaa0293000 	C:\Windows\system32\rsaenh.dll
0x00007ffaa0cc0000 - 0x00007ffaa0ce9000 	C:\Windows\SYSTEM32\USERENV.dll
0x00007ffaa0830000 - 0x00007ffaa083b000 	C:\Windows\SYSTEM32\CRYPTBASE.dll
0x00007ffa9b380000 - 0x00007ffa9b396000 	C:\Windows\SYSTEM32\dhcpcsvc6.DLL
0x00007ffa9c1e0000 - 0x00007ffa9c1fa000 	C:\Windows\SYSTEM32\dhcpcsvc.DLL

dbghelp: loaded successfully - version: 4.0.5 - missing functions: none
symbol engine: initialized successfully - sym options: 0x614 - pdb path: .;C:\Program Files\Java\jdk-16.0.1\bin;C:\Windows\SYSTEM32;C:\Windows\WinSxS\amd64_microsoft.windows.common-controls_6595b64144ccf1df_6.0.16299.15_none_cc92fb402215d91d;C:\Program Files\Java\jdk-16.0.1\bin\server

VM Arguments:
jvm_args: -Dfile.encoding=UTF-8 -XX:+ShowCodeDetailsInExceptionMessages 
java_command: javacamp.hrms.HrmsApplication
java_class_path (initial): C:\Hrms\hrms\hrms\target\classes;C:\Users\SNAN\.p2\pool\plugins\org.apache.axis_1.4.0.v201411182030\lib\axis.jar;C:\Users\SNAN\.p2\pool\plugins\org.apache.commons.discovery_0.2.0.v201004190315\lib\commons-discovery-0.2.jar;C:\Users\SNAN\.p2\pool\plugins\javax.xml.rpc_1.1.0.v201209140446\lib\jaxrpc.jar;C:\Users\SNAN\.p2\pool\plugins\javax.xml.soap_1.2.0.v201005080501\lib\saaj.jar;C:\Users\SNAN\.p2\pool\plugins\javax.wsdl_1.6.2.v201012040545.jar;C:\Users\SNAN\.p2\pool\plugins\org.apache.commons.logging_1.2.0.v20180409-1502.jar;C:\Users\SNAN\Desktop\merns\activation.jar;C:\Users\SNAN\Desktop\merns\javax.mail.jar;C:\Users\SNAN\.m2\repository\org\springframework\boot\spring-boot-starter-data-jpa\2.4.5\spring-boot-starter-data-jpa-2.4.5.jar;C:\Users\SNAN\.m2\repository\org\springframework\boot\spring-boot-starter-aop\2.4.5\spring-boot-starter-aop-2.4.5.jar;C:\Users\SNAN\.m2\repository\org\springframework\spring-aop\5.3.6\spring-aop-5.3.6.jar;C:\Users\SNAN\.m2\repository\org\aspectj\aspectjweaver\1.9.6\aspectjweaver-1.9.6.jar;C:\Users\SNAN\.m2\repository\org\springframework\boot\spring-boot-starter-jdbc\2.4.5\spring-boot-starter-jdbc-2.4.5.jar;C:\Users\SNAN\.m2\repository\com\zaxxer\HikariCP\3.4.5\HikariCP-3.4.5.jar;C:\Users\SNAN\.m2\repository\org\springframework\spring-jdbc\5.3.6\spring-jdbc-5.3.6.jar;C:\Users\SNAN\.m2\repository\jakarta\transaction\jakarta.transaction-api\1.3.3\jakarta.transaction-api-1.3.3.jar;C:\Users\SNAN\.m2\repository\jakarta\persistence\jakarta.persistence-api\2.2.3\jakarta.persistence-api-2.2.3.jar;C:\Users\SNAN\.m2\repository\org\hibernate\hibernate-core\5.4.30.Final\hibernate-core-5.4.30.Final.jar;C:\Users\SNAN\.m2\repository\org\jboss\logging\jboss-logging\3.4.1.Final\jboss-logging-3.4.1.Final.jar;C:\Users\SNAN\.m2\repository\org\javassist\javassist\3.27.0-GA\javassist-3.27.0-GA.jar;C:\Users\SNAN\.m2\repository\net\bytebuddy\byte-buddy\1.10.22\byte-buddy-1.10.22.jar;C:\Users\SNAN\.m2\repository\antlr\antlr\2.7.7\an
Launcher Type: SUN_STANDARD

[Global flags]
     intx CICompilerCount                          = 4                                         {product} {ergonomic}
     uint ConcGCThreads                            = 2                                         {product} {ergonomic}
     uint G1ConcRefinementThreads                  = 8                                         {product} {ergonomic}
   size_t G1HeapRegionSize                         = 1048576                                   {product} {ergonomic}
    uintx GCDrainStackTargetSize                   = 64                                        {product} {ergonomic}
   size_t InitialHeapSize                          = 134217728                                 {product} {ergonomic}
   size_t MarkStackSize                            = 4194304                                   {product} {ergonomic}
   size_t MaxHeapSize                              = 2124414976                                {product} {ergonomic}
   size_t MaxNewSize                               = 1274019840                                {product} {ergonomic}
   size_t MinHeapDeltaBytes                        = 1048576                                   {product} {ergonomic}
   size_t MinHeapSize                              = 8388608                                   {product} {ergonomic}
    uintx NonNMethodCodeHeapSize                   = 5839372                                {pd product} {ergonomic}
    uintx NonProfiledCodeHeapSize                  = 122909434                              {pd product} {ergonomic}
    uintx ProfiledCodeHeapSize                     = 122909434                              {pd product} {ergonomic}
    uintx ReservedCodeCacheSize                    = 251658240                              {pd product} {ergonomic}
     bool SegmentedCodeCache                       = true                                      {product} {ergonomic}
     bool ShowCodeDetailsInExceptionMessages       = true                                   {manageable} {command line}
   size_t SoftMaxHeapSize                          = 2124414976                             {manageable} {ergonomic}
     bool UseCompressedClassPointers               = true                           {product lp64_product} {ergonomic}
     bool UseCompressedOops                        = true                           {product lp64_product} {ergonomic}
     bool UseG1GC                                  = true                                      {product} {ergonomic}
     bool UseLargePagesIndividualAllocation        = false                                  {pd product} {ergonomic}

Logging:
Log output configuration:
 #0: stdout all=warning uptime,level,tags
 #1: stderr all=off uptime,level,tags

Environment Variables:
PATH=C:/Program Files/Java/jdk-16.0.1/bin/server;C:/Program Files/Java/jdk-16.0.1/bin;C:\Program Files\Common Files\Oracle\Java\javapath;C:\Windows\system32;C:\Windows;C:\Windows\System32\Wbem;C:\Windows\System32\WindowsPowerShell\v1.0\;C:\Program Files (x86)\NVIDIA Corporation\PhysX\Common;C:\Program Files\NVIDIA Corporation\NVIDIA NvDLISR;C:\Program Files\Microsoft SQL Server\130\Tools\Binn\;C:\Program Files\Microsoft SQL Server\Client SDK\ODBC\170\Tools\Binn\;C:\Program Files\Git\cmd;C:\Program Files (x86)\Microsoft SQL Server\150\DTS\Binn\;C:\Program Files\Azure Data Studio\bin;C:\Program Files\dotnet\;C:\Program Files\nodejs\;C:\Users\SNAN\AppData\Local\Microsoft\WindowsApps;;C:\Users\SNAN\AppData\Local\Programs\Microsoft VS Code\bin;C:\Program Files\Azure Data Studio\bin;C:\Users\SNAN\.dotnet\tools;C:\Users\SNAN\AppData\Roaming\npm;C:\Windows\system32;
USERNAME=SNAN
OS=Windows_NT
PROCESSOR_IDENTIFIER=Intel64 Family 6 Model 142 Stepping 10, GenuineIntel



---------------  S Y S T E M  ---------------

OS:
 Windows 10 , 64 bit Build 16299 (10.0.16299.15)
OS uptime: 13 days 20:39 hours

CPU: total 8 (initial active 8) (4 cores per cpu, 2 threads per core) family 6 model 142 stepping 10 microcode 0xd6, cx8, cmov, fxsr, ht, mmx, 3dnowpref, sse, sse2, sse3, ssse3, sse4.1, sse4.2, popcnt, lzcnt, tsc, tscinvbit, avx, avx2, aes, erms, clmul, bmi1, bmi2, adx, fma, vzeroupper, clflush, clflushopt

Memory: 4k page, system-wide physical 8101M (616M free)
TotalPageFile size 22333M (AvailPageFile size 16M)
current process WorkingSet (physical memory assigned to process): 270M, peak: 275M
current process commit charge ("private bytes"): 338M, peak: 352M

vm_info: Java HotSpot(TM) 64-Bit Server VM (16.0.1+9-24) for windows-amd64 JRE (16.0.1+9-24), built on Mar 26 2021 19:31:42 by "mach5one" with MS VC++ 16.7 (VS2019)

END.
